T2134 3555:455 SEGGER J-Link V5.10 Log File (0000ms, 20229ms total)
T2134 3555:455 DLL Compiled: Nov 27 2015 17:01:28 (0000ms, 20229ms total)
T2134 3555:455 Logging started @ 2016-09-02 17:34 (0000ms, 20229ms total)
T2134 3555:524 JLINK_ExecCommand("Device = AT91SAM4SD32C", ...)Device "ATSAM4SD32C" selected.  returns 0x00 (0001ms, 20230ms total)
T2134 3555:559 JLINK_ExecCommand("ProjectFile = C:\Users\H243\Documents\GitHub\Entregas\20-UART\20-UART\jlink.config", ...)  returns 0x00 (0000ms, 20230ms total)
T2134 3555:619 JLINK_ExecCommand("Device = AT91SAM4SD32C", ...)Device "ATSAM4SD32C" selected.  returns 0x00 (0001ms, 20231ms total)
T2134 3555:620 JLINK_TIF_Select(JLINKARM_TIF_JTAG)  returns 0x00 (0002ms, 20233ms total)
T2134 3555:622 JLINK_GetIdData(...) >0x2F8 JTAG>TotalIRLen = 4, IRPrint = 0x01 >0x30 JTAG> >0x210 JTAG> >0x70 JTAG> >0x40 JTAG> >0x40 JTAG> >0x40 JTAG> >0x48 JTAG> >0x78 JTAG> >0x40 JTAG> >0x30 JTAG> >0x40 JTAG> >0x40 JTAG> >0x30 JTAG> >0x40 JTAG> >0x48 JTAG>Found Cortex-M4 r0p1, Little endian. -- CPU_ReadMem(4 bytes @ 0xE000EDF0) -- CPU_ReadMem(4 bytes @ 0xE0002000)FPUnit: 6 code (BP) slots and 2 literal slots -- CPU_ReadMem(4 bytes @ 0xE000EDFC) -- CPU_ReadMem(4 bytes @ 0xE0001000)
 -- CPU_WriteMem(4 bytes @ 0xE0001000) -- CPU_ReadMem(4 bytes @ 0xE000ED88) -- CPU_WriteMem(4 bytes @ 0xE000ED88) -- CPU_ReadMem(4 bytes @ 0xE000ED88) -- CPU_WriteMem(4 bytes @ 0xE000ED88)CoreSight components:ROMTbl 0 @ E00FF000 -- CPU_ReadMem(16 bytes @ 0xE00FF000) -- CPU_ReadMem(16 bytes @ 0xE000EFF0) -- CPU_ReadMem(16 bytes @ 0xE000EFE0)ROMTbl 0 [0]: FFF0F000, CID: B105E00D, PID: 000BB000 SCS -- CPU_ReadMem(16 bytes @ 0xE0001FF0) -- CPU_ReadMem(16 bytes @ 0xE0001FE0)
ROMTbl 0 [1]: FFF02000, CID: B105E00D, PID: 003BB002 DWT -- CPU_ReadMem(16 bytes @ 0xE0002FF0) -- CPU_ReadMem(16 bytes @ 0xE0002FE0)ROMTbl 0 [2]: FFF03000, CID: B105E00D, PID: 002BB003 FPB -- CPU_ReadMem(16 bytes @ 0xE0000FF0) -- CPU_ReadMem(16 bytes @ 0xE0000FE0)ROMTbl 0 [3]: FFF01000, CID: B105E00D, PID: 003BB001 ITM -- CPU_ReadMem(16 bytes @ 0xE00FF010) -- CPU_ReadMem(16 bytes @ 0xE0040FF0) -- CPU_ReadMem(16 bytes @ 0xE0040FE0)ROMTbl 0 [4]: FFF41000, CID: B105900D, PID: 000BB9A1 TPIU ScanLen=4
 NumDevices=1 aId[0]=0x4BA00477 aIrRead[0]=0 aScanLen[0]=0 aScanRead[0]=0 (0037ms, 20270ms total)
T2134 3555:659 JLINK_ConfigJTAG(IRPre = 0, DRPre = 0) (0000ms, 20270ms total)
T2134 3555:659 JLINK_SetSpeed(4000) (0000ms, 20270ms total)
T2134 3555:659 JLINK_ResetPullsRESET(OFF) (0000ms, 20270ms total)
T2134 3555:659 JLINK_Connect() >0x2F8 JTAG>TotalIRLen = 4, IRPrint = 0x01 >0x30 JTAG> >0x210 JTAG> >0x70 JTAG> >0x40 JTAG> >0x40 JTAG> >0x40 JTAG> >0x48 JTAG> >0x78 JTAG> >0x40 JTAG> >0x30 JTAG> >0x40 JTAG> >0x40 JTAG> >0x30 JTAG> >0x40 JTAG> >0x48 JTAG>Found Cortex-M4 r0p1, Little endian. -- CPU_ReadMem(4 bytes @ 0xE000EDF0) -- CPU_ReadMem(4 bytes @ 0xE0002000)FPUnit: 6 code (BP) slots and 2 literal slots -- CPU_ReadMem(4 bytes @ 0xE000EDFC) -- CPU_ReadMem(4 bytes @ 0xE0001000)
 -- CPU_WriteMem(4 bytes @ 0xE0001000) -- CPU_ReadMem(4 bytes @ 0xE000ED88) -- CPU_WriteMem(4 bytes @ 0xE000ED88) -- CPU_ReadMem(4 bytes @ 0xE000ED88) -- CPU_WriteMem(4 bytes @ 0xE000ED88)CoreSight components:ROMTbl 0 @ E00FF000 -- CPU_ReadMem(16 bytes @ 0xE00FF000) -- CPU_ReadMem(16 bytes @ 0xE000EFF0) -- CPU_ReadMem(16 bytes @ 0xE000EFE0)ROMTbl 0 [0]: FFF0F000, CID: B105E00D, PID: 000BB000 SCS -- CPU_ReadMem(16 bytes @ 0xE0001FF0) -- CPU_ReadMem(16 bytes @ 0xE0001FE0)
ROMTbl 0 [1]: FFF02000, CID: B105E00D, PID: 003BB002 DWT -- CPU_ReadMem(16 bytes @ 0xE0002FF0) -- CPU_ReadMem(16 bytes @ 0xE0002FE0)ROMTbl 0 [2]: FFF03000, CID: B105E00D, PID: 002BB003 FPB -- CPU_ReadMem(16 bytes @ 0xE0000FF0) -- CPU_ReadMem(16 bytes @ 0xE0000FE0)ROMTbl 0 [3]: FFF01000, CID: B105E00D, PID: 003BB001 ITM -- CPU_ReadMem(16 bytes @ 0xE00FF010) -- CPU_ReadMem(16 bytes @ 0xE0040FF0) -- CPU_ReadMem(16 bytes @ 0xE0040FE0)ROMTbl 0 [4]: FFF41000, CID: B105900D, PID: 000BB9A1 TPIU  returns 0x00
 (0023ms, 20293ms total)
T2134 3555:682 JLINK_Halt()  returns 0x00 (0003ms, 20296ms total)
T2134 3555:685 JLINK_WriteMem(0x400E0A04, 0x0004 Bytes, ...) - Data: 0B 01 00 5A -- CPU_WriteMem(4 bytes @ 0x400E0A04)  returns 0x04 (0001ms, 20297ms total)
T2134 3555:686 JLINK_ReadMem (0x400E0A08, 0x0004 Bytes, ...) -- CPU_ReadMem(4 bytes @ 0x400E0A08) - Data: 01 00 00 00  returns 0x00 (0001ms, 20298ms total)
T2134 3555:687 JLINK_WriteMem(0x400E0A04, 0x0004 Bytes, ...) - Data: 0C 02 00 5A -- CPU_WriteMem(4 bytes @ 0x400E0A04)  returns 0x04 (0000ms, 20298ms total)
T2134 3555:687 JLINK_ReadMem (0x400E0A08, 0x0004 Bytes, ...) -- CPU_ReadMem(4 bytes @ 0x400E0A08) - Data: 01 00 00 00  returns 0x00 (0001ms, 20299ms total)
T2134 3555:688 JLINK_Reset() -- CPU_ReadMem(16 bytes @ 0x20000000) -- CPU_WriteMem(16 bytes @ 0x20000000) -- CPU_ReadMem(4 bytes @ 0xE000EDFC) -- CPU_WriteMem(4 bytes @ 0xE000EDFC) -- CPU_ReadMem(4 bytes @ 0xE0001000) -- CPU_WriteMem(4 bytes @ 0xE000EDFC) -- CPU_WriteMem(16 bytes @ 0x20000000) -- CPU_WriteMem(4 bytes @ 0xE0002000) -- CPU_ReadMem(4 bytes @ 0xE000EDFC) -- CPU_ReadMem(4 bytes @ 0xE0001000) (0024ms, 20323ms total)
T2134 3555:714 JLINK_JTAG_GetDeviceID(DeviceIndex = 0)  returns 0x4BA00477 (0000ms, 20323ms total)
T2134 3555:714 JLINK_ReadMemU32(0x400E0740, 0x0001 Items, ...) -- CPU_ReadMem(4 bytes @ 0x400E0740) - Data: E0 0E A7 29  returns 0x01 (0001ms, 20324ms total)
T2134 3555:715 JLINK_ReadMemU32(0x400E0744, 0x0001 Items, ...) -- CPU_ReadMem(4 bytes @ 0x400E0744) - Data: 00 00 00 00  returns 0x01 (0001ms, 20325ms total)
T2134 3555:716 JLINK_WriteMem(0x400E0A04, 0x0004 Bytes, ...) - Data: 05 00 00 5A -- CPU_WriteMem(4 bytes @ 0x400E0A04)  returns 0x04 (0000ms, 20325ms total)
T2134 3555:716 JLINK_WriteMem(0x400E0C04, 0x0004 Bytes, ...) - Data: 05 00 00 5A -- CPU_WriteMem(4 bytes @ 0x400E0C04)  returns 0x04 (0001ms, 20326ms total)
T2134 3555:717 JLINK_ReadMem (0x400E0A08, 0x0004 Bytes, ...) -- CPU_ReadMem(4 bytes @ 0x400E0A08) - Data: 00 00 00 00  returns 0x00 (0001ms, 20327ms total)
T2594 3555:742 JLINK_IsHalted()  returns TRUE (0000ms, 20327ms total)
T2134 3555:742 JLINK_ReadMem (0x400E0A08, 0x0004 Bytes, ...) -- CPU_ReadMem(4 bytes @ 0x400E0A08) - Data: 00 00 00 00  returns 0x00 (0000ms, 20327ms total)
T2594 3555:742 JLINK_GetMOEs(...) -- CPU_ReadMem(4 bytes @ 0xE000ED30) -- CPU_WriteMem(4 bytes @ 0xE000ED30)  returns 0x01 (0002ms, 20329ms total)
T2594 3555:744 JLINK_ReadReg(R15 (PC))  returns 0x004007EC (0000ms, 20329ms total)
T2134 3555:747 JLINK_ReadMem (0x400E0A08, 0x0004 Bytes, ...) -- CPU_ReadMem(4 bytes @ 0x400E0A08) - Data: 00 00 00 00  returns 0x00 (0000ms, 20329ms total)
T2134 3555:792 JLINK_ReadMem (0x400E0A08, 0x0004 Bytes, ...) -- CPU_ReadMem(4 bytes @ 0x400E0A08) - Data: 00 00 00 00  returns 0x00 (0000ms, 20329ms total)
T2134 3555:856 JLINK_ReadMem (0x400E0A08, 0x0004 Bytes, ...) -- CPU_ReadMem(4 bytes @ 0x400E0A08) - Data: 00 00 00 00  returns 0x00 (0000ms, 20329ms total)
T2594 3555:944 JLINK_IsHalted()  returns TRUE (0000ms, 20329ms total)
T2134 3556:141 JLINK_ReadMem (0x400E0A08, 0x0004 Bytes, ...) -- CPU_ReadMem(4 bytes @ 0x400E0A08) - Data: 00 00 00 00  returns 0x00 (0000ms, 20329ms total)
T2594 3556:144 JLINK_IsHalted()  returns TRUE (0000ms, 20329ms total)
T2594 3556:345 JLINK_IsHalted()  returns TRUE (0000ms, 20329ms total)
T2594 3556:545 JLINK_IsHalted()  returns TRUE (0000ms, 20329ms total)
T2594 3556:745 JLINK_IsHalted()  returns TRUE (0000ms, 20329ms total)
T2594 3556:945 JLINK_IsHalted()  returns TRUE (0000ms, 20329ms total)
T2594 3557:145 JLINK_IsHalted()  returns TRUE (0000ms, 20329ms total)
T2134 3557:192 JLINK_ReadMem (0x400E0A08, 0x0004 Bytes, ...) -- CPU_ReadMem(4 bytes @ 0x400E0A08) - Data: 00 00 00 00  returns 0x00 (0000ms, 20329ms total)
T2134 3557:192 JLINK_ReadMem (0x400E0C08, 0x0004 Bytes, ...) -- CPU_ReadMem(4 bytes @ 0x400E0C08) - Data: 00 00 00 00  returns 0x00 (0001ms, 20330ms total)
T2134 3557:194 JLINK_ReadMem (0x400E0C08, 0x0004 Bytes, ...) -- CPU_ReadMem(4 bytes @ 0x400E0C08) - Data: 00 00 00 00  returns 0x00 (0000ms, 20330ms total)
T2134 3557:198 JLINK_ReadMem (0x400E0C08, 0x0004 Bytes, ...) -- CPU_ReadMem(4 bytes @ 0x400E0C08) - Data: 00 00 00 00  returns 0x00 (0000ms, 20330ms total)
T2134 3557:242 JLINK_ReadMem (0x400E0C08, 0x0004 Bytes, ...) -- CPU_ReadMem(4 bytes @ 0x400E0C08) - Data: 00 00 00 00  returns 0x00 (0000ms, 20330ms total)
T2134 3557:306 JLINK_ReadMem (0x400E0C08, 0x0004 Bytes, ...) -- CPU_ReadMem(4 bytes @ 0x400E0C08) - Data: 00 00 00 00  returns 0x00 (0000ms, 20330ms total)
T2594 3557:345 JLINK_IsHalted()  returns TRUE (0000ms, 20330ms total)
T2594 3557:545 JLINK_IsHalted()  returns TRUE (0000ms, 20330ms total)
T2134 3557:592 JLINK_ReadMem (0x400E0C08, 0x0004 Bytes, ...) -- CPU_ReadMem(4 bytes @ 0x400E0C08) - Data: 00 00 00 00  returns 0x00 (0000ms, 20330ms total)
T2594 3557:745 JLINK_IsHalted()  returns TRUE (0000ms, 20330ms total)
T2594 3557:947 JLINK_IsHalted()  returns TRUE (0000ms, 20330ms total)
T2594 3558:147 JLINK_IsHalted()  returns TRUE (0000ms, 20330ms total)
T2594 3558:347 JLINK_IsHalted()  returns TRUE (0000ms, 20330ms total)
T2594 3558:547 JLINK_IsHalted()  returns TRUE (0000ms, 20330ms total)
T2134 3558:642 JLINK_ReadMem (0x400E0C08, 0x0004 Bytes, ...) -- CPU_ReadMem(4 bytes @ 0x400E0C08) - Data: 00 00 00 00  returns 0x00 (0000ms, 20330ms total)
T2134 3558:642 JLINK_ReadMem (0x400E0A08, 0x0004 Bytes, ...) -- CPU_ReadMem(4 bytes @ 0x400E0A08) - Data: 00 00 00 00  returns 0x00 (0001ms, 20331ms total)
T2134 3558:644 JLINK_ReadMem (0x400E0A08, 0x0004 Bytes, ...) -- CPU_ReadMem(4 bytes @ 0x400E0A08) - Data: 00 00 00 00  returns 0x00 (0000ms, 20331ms total)
T2134 3558:648 JLINK_ReadMem (0x400E0A08, 0x0004 Bytes, ...) -- CPU_ReadMem(4 bytes @ 0x400E0A08) - Data: 00 00 00 00  returns 0x00 (0007ms, 20338ms total)
T2134 3558:692 JLINK_ReadMem (0x400E0A08, 0x0004 Bytes, ...) -- CPU_ReadMem(4 bytes @ 0x400E0A08) - Data: 00 00 00 00  returns 0x00 (0000ms, 20338ms total)
T2594 3558:747 JLINK_IsHalted()  returns TRUE (0000ms, 20338ms total)
T2134 3558:756 JLINK_ReadMem (0x400E0A08, 0x0004 Bytes, ...) -- CPU_ReadMem(4 bytes @ 0x400E0A08) - Data: 00 00 00 00  returns 0x00 (0000ms, 20338ms total)
T2594 3558:947 JLINK_IsHalted()  returns TRUE (0000ms, 20338ms total)
T2134 3559:042 JLINK_ReadMem (0x400E0A08, 0x0004 Bytes, ...) -- CPU_ReadMem(4 bytes @ 0x400E0A08) - Data: 00 00 00 00  returns 0x00 (0000ms, 20338ms total)
T2594 3559:147 JLINK_IsHalted()  returns TRUE (0000ms, 20338ms total)
T2594 3559:347 JLINK_IsHalted()  returns TRUE (0000ms, 20338ms total)
T2594 3559:547 JLINK_IsHalted()  returns TRUE (0000ms, 20338ms total)
T2594 3559:747 JLINK_IsHalted()  returns TRUE (0000ms, 20338ms total)
T2594 3559:947 JLINK_IsHalted()  returns TRUE (0000ms, 20338ms total)
T2134 3560:092 JLINK_ReadMem (0x400E0A08, 0x0004 Bytes, ...) -- CPU_ReadMem(4 bytes @ 0x400E0A08) - Data: 01 00 00 00  returns 0x00 (0000ms, 20338ms total)
T2134 3560:092 JLINK_ReadMem (0x400E0C08, 0x0004 Bytes, ...) -- CPU_ReadMem(4 bytes @ 0x400E0C08) - Data: 01 00 00 00  returns 0x00 (0001ms, 20339ms total)
T2594 3560:147 JLINK_IsHalted()  returns TRUE (0000ms, 20339ms total)
T2134 3560:147 JLINK_ResetPullsRESET(ON) (0000ms, 20339ms total)
T2134 3560:147 JLINK_ResetNoHalt() >0x2F8 JTAG>TotalIRLen = 4, IRPrint = 0x01 >0x30 JTAG> >0x210 JTAG> >0x70 JTAG> >0x40 JTAG> >0x40 JTAG> >0x40 JTAG> >0x48 JTAG> >0x78 JTAG> >0x40 JTAG> >0x30 JTAG> >0x40 JTAG> >0x40 JTAG> >0x30 JTAG> >0x40 JTAG> >0x48 JTAG>Found Cortex-M4 r0p1, Little endian. -- CPU_ReadMem(4 bytes @ 0xE000EDF0) -- CPU_ReadMem(4 bytes @ 0xE0002000)FPUnit: 6 code (BP) slots and 2 literal slots -- CPU_ReadMem(4 bytes @ 0xE000EDFC) -- CPU_ReadMem(4 bytes @ 0xE0001000)
 -- CPU_ReadMem(4 bytes @ 0xE000ED88) -- CPU_WriteMem(4 bytes @ 0xE000ED88) -- CPU_ReadMem(4 bytes @ 0xE000ED88) -- CPU_WriteMem(4 bytes @ 0xE000ED88)CoreSight components:ROMTbl 0 @ E00FF000 -- CPU_ReadMem(16 bytes @ 0xE00FF000) -- CPU_ReadMem(16 bytes @ 0xE000EFF0) -- CPU_ReadMem(16 bytes @ 0xE000EFE0)ROMTbl 0 [0]: FFF0F000, CID: B105E00D, PID: 000BB000 SCS -- CPU_WriteMem(4 bytes @ 0xE0001000) -- CPU_ReadMem(16 bytes @ 0xE0001FF0) -- CPU_ReadMem(16 bytes @ 0xE0001FE0)
ROMTbl 0 [1]: FFF02000, CID: B105E00D, PID: 003BB002 DWT -- CPU_ReadMem(16 bytes @ 0xE0002FF0) -- CPU_ReadMem(16 bytes @ 0xE0002FE0)ROMTbl 0 [2]: FFF03000, CID: B105E00D, PID: 002BB003 FPB -- CPU_ReadMem(16 bytes @ 0xE0000FF0) -- CPU_ReadMem(16 bytes @ 0xE0000FE0)ROMTbl 0 [3]: FFF01000, CID: B105E00D, PID: 003BB001 ITM -- CPU_ReadMem(16 bytes @ 0xE00FF010) -- CPU_ReadMem(16 bytes @ 0xE0040FF0) -- CPU_ReadMem(16 bytes @ 0xE0040FE0)ROMTbl 0 [4]: FFF41000, CID: B105900D, PID: 000BB9A1 TPIU
                JLINK_Reset() -- CPU_ReadMem(16 bytes @ 0x20000000) -- CPU_WriteMem(16 bytes @ 0x20000000) -- CPU_ReadMem(4 bytes @ 0xE000EDFC) -- CPU_WriteMem(4 bytes @ 0xE000EDFC) -- CPU_ReadMem(4 bytes @ 0xE0001000) -- CPU_WriteMem(4 bytes @ 0xE0001004) -- CPU_WriteMem(4 bytes @ 0xE000EDFC) -- CPU_WriteMem(16 bytes @ 0x20000000) -- CPU_WriteMem(4 bytes @ 0xE0002000) -- CPU_ReadMem(4 bytes @ 0xE000EDFC) -- CPU_ReadMem(4 bytes @ 0xE0001000) (0024ms, 0024ms total)
                JLINK_Go() -- CPU_ReadMem(4 bytes @ 0xE0001000) -- CPU_WriteMem(4 bytes @ 0xE0001004) (0002ms, 0026ms total)
               (0049ms, 20388ms total)
T2134 3560:196 JLINK_ExecCommand("ProjectFile = C:\Users\H243\Documents\GitHub\Entregas\20-UART\20-UART\jlink.config", ...)  returns 0x00 (0001ms, 20389ms total)
T2134 3560:334 JLINK_ExecCommand("Device = AT91SAM4SD32C", ...)Device "ATSAM4SD32C" selected.  returns 0x00 (0000ms, 20389ms total)
T2134 3560:334 JLINK_TIF_Select(JLINKARM_TIF_JTAG)  returns 0x00 (0000ms, 20389ms total)
T2134 3560:334 JLINK_GetIdData(...) ScanLen=4 NumDevices=1 aId[0]=0x4BA00477 aIrRead[0]=0 aScanLen[0]=0 aScanRead[0]=0 (0000ms, 20389ms total)
T2134 3560:334 JLINK_ConfigJTAG(IRPre = 0, DRPre = 0) (0000ms, 20389ms total)
T2134 3560:334 JLINK_SetSpeed(4000) (0001ms, 20390ms total)
T2134 3560:335 JLINK_ResetPullsRESET(OFF) (0000ms, 20390ms total)
T2134 3560:335 JLINK_Connect() >0x2F8 JTAG>TotalIRLen = 4, IRPrint = 0x01 >0x30 JTAG> >0x210 JTAG> >0x70 JTAG> >0x40 JTAG> >0x40 JTAG> >0x40 JTAG> >0x48 JTAG> >0x78 JTAG> >0x40 JTAG> >0x30 JTAG> >0x40 JTAG> >0x40 JTAG> >0x30 JTAG> >0x40 JTAG> >0x48 JTAG>Found Cortex-M4 r0p1, Little endian. -- CPU_ReadMem(4 bytes @ 0xE000EDF0) -- CPU_ReadMem(4 bytes @ 0xE0002000)FPUnit: 6 code (BP) slots and 2 literal slots -- CPU_ReadMem(4 bytes @ 0xE000EDFC) -- CPU_ReadMem(4 bytes @ 0xE0001000)
 -- CPU_WriteMem(4 bytes @ 0xE0001000) -- CPU_ReadMem(4 bytes @ 0xE000ED88) -- CPU_WriteMem(4 bytes @ 0xE000ED88) -- CPU_ReadMem(4 bytes @ 0xE000ED88) -- CPU_WriteMem(4 bytes @ 0xE000ED88)CoreSight components:ROMTbl 0 @ E00FF000 -- CPU_ReadMem(16 bytes @ 0xE00FF000) -- CPU_ReadMem(16 bytes @ 0xE000EFF0) -- CPU_ReadMem(16 bytes @ 0xE000EFE0)ROMTbl 0 [0]: FFF0F000, CID: B105E00D, PID: 000BB000 SCS -- CPU_ReadMem(16 bytes @ 0xE0001FF0) -- CPU_ReadMem(16 bytes @ 0xE0001FE0)
ROMTbl 0 [1]: FFF02000, CID: B105E00D, PID: 003BB002 DWT -- CPU_ReadMem(16 bytes @ 0xE0002FF0) -- CPU_ReadMem(16 bytes @ 0xE0002FE0)ROMTbl 0 [2]: FFF03000, CID: B105E00D, PID: 002BB003 FPB -- CPU_ReadMem(16 bytes @ 0xE0000FF0) -- CPU_ReadMem(16 bytes @ 0xE0000FE0)ROMTbl 0 [3]: FFF01000, CID: B105E00D, PID: 003BB001 ITM -- CPU_ReadMem(16 bytes @ 0xE00FF010) -- CPU_ReadMem(16 bytes @ 0xE0040FF0) -- CPU_ReadMem(16 bytes @ 0xE0040FE0)ROMTbl 0 [4]: FFF41000, CID: B105900D, PID: 000BB9A1 TPIU  returns 0x00
 (0022ms, 20412ms total)
T2134 3560:357 JLINK_Halt()  returns 0x00 (0004ms, 20416ms total)
T2134 3560:362 JLINK_WriteMem(0x400E0A04, 0x0004 Bytes, ...) - Data: 0B 01 00 5A -- CPU_WriteMem(4 bytes @ 0x400E0A04)  returns 0x04 (0001ms, 20417ms total)
T2134 3560:363 JLINK_ReadMem (0x400E0A08, 0x0004 Bytes, ...) -- CPU_ReadMem(4 bytes @ 0x400E0A08) - Data: 01 00 00 00  returns 0x00 (0000ms, 20417ms total)
T2134 3560:363 JLINK_WriteMem(0x400E0A04, 0x0004 Bytes, ...) - Data: 0C 02 00 5A -- CPU_WriteMem(4 bytes @ 0x400E0A04)  returns 0x04 (0001ms, 20418ms total)
T2134 3560:364 JLINK_ReadMem (0x400E0A08, 0x0004 Bytes, ...) -- CPU_ReadMem(4 bytes @ 0x400E0A08) - Data: 01 00 00 00  returns 0x00 (0001ms, 20419ms total)
T2134 3560:365 JLINK_Reset() -- CPU_ReadMem(16 bytes @ 0x20000000) -- CPU_WriteMem(16 bytes @ 0x20000000) -- CPU_ReadMem(4 bytes @ 0xE000EDFC) -- CPU_WriteMem(4 bytes @ 0xE000EDFC) -- CPU_ReadMem(4 bytes @ 0xE0001000) -- CPU_WriteMem(4 bytes @ 0xE000EDFC) -- CPU_WriteMem(16 bytes @ 0x20000000) -- CPU_WriteMem(4 bytes @ 0xE0002000) -- CPU_ReadMem(4 bytes @ 0xE000EDFC) -- CPU_ReadMem(4 bytes @ 0xE0001000) (0025ms, 20444ms total)
T2134 3560:392 JLINK_JTAG_GetDeviceID(DeviceIndex = 0)  returns 0x4BA00477 (0000ms, 20444ms total)
T2134 3560:392 JLINK_ReadMemU32(0x400E0740, 0x0001 Items, ...) -- CPU_ReadMem(4 bytes @ 0x400E0740) - Data: E0 0E A7 29  returns 0x01 (0000ms, 20444ms total)
T2134 3560:392 JLINK_ReadMemU32(0x400E0744, 0x0001 Items, ...) -- CPU_ReadMem(4 bytes @ 0x400E0744) - Data: 00 00 00 00  returns 0x01 (0001ms, 20445ms total)
T2134 3560:397 JLINK_BeginDownload(Flags = 0x00) (0000ms, 20445ms total)
T2134 3560:397 JLINK_WriteMem(0x00400000, 0x2DA4 Bytes, ...) - Data: 20 39 00 20 ED 07 40 00 E9 07 40 00 E9 07 40 00 ...  returns 0x2DA4 (0000ms, 20445ms total)
T2134 3560:397 JLINK_WriteMem(0x00402DA4, 0x0844 Bytes, ...) - Data: 00 09 3D 00 00 00 00 00 00 00 00 00 F4 02 00 20 ...  returns 0x844 (0000ms, 20445ms total)
T161C 3560:406 JLINK_IsHalted()  returns TRUE (0000ms, 20445ms total)
T161C 3560:406 JLINK_GetMOEs(...) -- CPU_ReadMem(4 bytes @ 0xE000ED30) -- CPU_WriteMem(4 bytes @ 0xE000ED30)  returns 0x01 (0002ms, 20447ms total)
T161C 3560:408 JLINK_ReadReg(R15 (PC)) -- -------------------------------------- -- Start of determining dirty areas in flash cache -- End of determining dirty areas -- Start of preparing flash programming -- Calculating RAM usage -- RAM usage = 2932 Bytes -- Preserving CPU registers -- Preparing memory -- Determining CPU clock frequency -- CPU clock frequency: 4116 kHz -- CPU frequency = 4116 kHz -- Preparing target -- Downloading RAMCode -- Checking target RAM -- Preparing RAMCode
 -- End of preparing flash programming -- CPU is running at 90000 kHz. -- Start of comparing flash -- CRC check was estimated as fastest method -- Comparing range 0x400000 - 0x4035FF (27 Sectors, 13 KB), using multi-block CRC calculation -- CRC does not match for sectors 0-26 -- End of comparing flash -- Start of erasing sectors -- End of erasing sectors -- Start of flash programming -- Programming range 0x00400000 - 0x004035FF (027 Sectors, 13 KB) -- End of flash programming
 -- 0x400000 - 0x4035FF (027 Sectors, 13 KB) -- Start of verifying flash -- Checksum calculation was estimated as fastest method -- End of verifying flash -- Start of restoring -- Restore RAMCode -- Restore content of target memory -- Restore target -- Restore memory -- Restoring CPU registers -- End of restoring -- Flash programming performed for 1 range (13824 bytes) -- Total time needed: 0.379s (Prepare: 0.217s, Compare: 0.005s, Erase: 0.000s, Program: 0.098s, Verify: 0.000s, Restore: 0.058s)
  returns 0xFFFFFFFE (0382ms, 20829ms total)
T1DF4 3560:892 JLINK_Halt()  returns 0x00 (0001ms, 20830ms total)
T1DF4 3560:893 JLINK_ReadReg(R15 (PC))  returns 0xFFFFFFFE (0000ms, 20830ms total)
T1DF4 3560:893 JLINK_ReadReg(R13 (SP))  returns 0xFFFFFFFC (0000ms, 20830ms total)
T161C 3560:992 JLINK_IsHalted()  returns TRUE (0000ms, 20830ms total)
T1DF4 3561:062 JLINK_ReadReg(R0)  returns 0x400E1400 (0001ms, 20831ms total)
T1DF4 3561:063 JLINK_ReadReg(R1)  returns 0x40C00000 (0000ms, 20831ms total)
T1DF4 3561:063 JLINK_ReadReg(R2)  returns 0xA5000005 (0000ms, 20831ms total)
T1DF4 3561:063 JLINK_ReadReg(R3)  returns 0x40001A1A (0000ms, 20831ms total)
T1DF4 3561:063 JLINK_ReadReg(R4)  returns 0x200038F0 (0000ms, 20831ms total)
T1DF4 3561:063 JLINK_ReadReg(R5)  returns 0x400E0600 (0000ms, 20831ms total)
T1DF4 3561:063 JLINK_ReadReg(R6)  returns 0x004007A9 (0000ms, 20831ms total)
T1DF4 3561:063 JLINK_ReadReg(R7)  returns 0x200038F0 (0000ms, 20831ms total)
T1DF4 3561:063 JLINK_ReadReg(R8)  returns 0x200038F0 (0000ms, 20831ms total)
T1DF4 3561:063 JLINK_ReadReg(R9)  returns 0x200038FF (0000ms, 20831ms total)
T1DF4 3561:063 JLINK_ReadReg(R10)  returns 0x00000000 (0000ms, 20831ms total)
T1DF4 3561:063 JLINK_ReadReg(R11)  returns 0xA2BEED46 (0000ms, 20831ms total)
T1DF4 3561:063 JLINK_ReadReg(R12)  returns 0x01010101 (0000ms, 20831ms total)
T1DF4 3561:063 JLINK_ReadReg(R13 (SP))  returns 0xFFFFFFFC (0000ms, 20831ms total)
T1DF4 3561:064 JLINK_ReadReg(R14)  returns 0xFFFFFFFF (0000ms, 20832ms total)
T1DF4 3561:064 JLINK_ReadReg(R15 (PC))  returns 0xFFFFFFFE (0000ms, 20832ms total)
T1DF4 3561:064 JLINK_ReadReg(XPSR)  returns 0x01000000 (0000ms, 20832ms total)
T1DF4 3561:064 JLINK_ReadReg(MSP)  returns 0xFFFFFFFC (0000ms, 20832ms total)
T1DF4 3561:064 JLINK_ReadReg(PSP)  returns 0xB74D086C (0000ms, 20832ms total)
T1DF4 3561:064 JLINK_ReadReg(PRIMASK)  returns 0x00000000 (0000ms, 20832ms total)
T1DF4 3561:064 JLINK_ReadReg(BASEPRI)  returns 0x00000000 (0000ms, 20832ms total)
T1DF4 3561:064 JLINK_ReadReg(FAULTMASK)  returns 0x00000000 (0000ms, 20832ms total)
T1DF4 3561:064 JLINK_ReadReg(CONTROL)  returns 0x00000000 (0000ms, 20832ms total)
T1DF4 3561:097 JLINK_EndDownload()  returns 0x00 (0000ms, 20832ms total)
T1DF4 3561:097 JLINK_Reset() -- CPU_ReadMem(16 bytes @ 0x20000000) -- CPU_WriteMem(16 bytes @ 0x20000000) -- CPU_ReadMem(4 bytes @ 0xE000EDFC) -- CPU_WriteMem(4 bytes @ 0xE000EDFC) -- CPU_ReadMem(4 bytes @ 0xE0001000) -- CPU_WriteMem(4 bytes @ 0xE000EDFC) -- CPU_WriteMem(16 bytes @ 0x20000000) -- CPU_WriteMem(4 bytes @ 0xE0002000) -- CPU_ReadMem(4 bytes @ 0xE000EDFC) -- CPU_ReadMem(4 bytes @ 0xE0001000) (0023ms, 20855ms total)
T161C 3561:120 JLINK_IsHalted()  returns TRUE (0000ms, 20855ms total)
T161C 3561:120 JLINK_GetMOEs(...) -- CPU_ReadMem(4 bytes @ 0xE000ED30) -- CPU_WriteMem(4 bytes @ 0xE000ED30)  returns 0x01 (0001ms, 20856ms total)
T161C 3561:121 JLINK_ReadReg(R15 (PC))  returns 0x004007EC (0000ms, 20856ms total)
T1DF4 3561:130 JLINK_ReadReg(R15 (PC))  returns 0x004007EC (0000ms, 20856ms total)
T1DF4 3561:130 JLINK_ReadReg(R13 (SP))  returns 0x20003920 (0000ms, 20856ms total)
T1DF4 3561:216 JLINK_ReadMemHW(0x004007EC, 0x0004 Bytes, ...) -- CPU_ReadMem(4 bytes @ 0x004007EC) - Data: 08 B5 20 4B  returns 0x00 (0001ms, 20857ms total)
T1DF4 3561:248 JLINK_ReadMemHW(0x00400C90, 0x0001 Bytes, ...) -- CPU_ReadMem(1 bytes @ 0x00400C90) - Data: F0  returns 0x00 (0001ms, 20858ms total)
T1DF4 3561:271 JLINK_ReadReg(R15 (PC))  returns 0x004007EC (0000ms, 20858ms total)
T1DF4 3561:271 JLINK_GetNumBPUnits(Type = 0xFFFFFF02)  returns 0x06 (0000ms, 20858ms total)
T1DF4 3561:271 JLINK_SetBPEx(Addr = 0x00400C90, Type = 0xFFFFFF02)  returns 0x00000001 (0000ms, 20858ms total)
T1DF4 3561:271 JLINK_GetBPInfo(BPHandle = 1)  returns 0x00 (0000ms, 20858ms total)
T1DF4 3561:271 JLINK_Go() -- CPU_ReadMem(4 bytes @ 0xE0001000) -- CPU_WriteMem(4 bytes @ 0xE0002008) -- CPU_WriteMem(4 bytes @ 0xE000200C) -- CPU_WriteMem(4 bytes @ 0xE0002010) -- CPU_WriteMem(4 bytes @ 0xE0002014) -- CPU_WriteMem(4 bytes @ 0xE0002018) -- CPU_WriteMem(4 bytes @ 0xE000201C) -- CPU_WriteMem(4 bytes @ 0xE0001004) (0004ms, 20862ms total)
T161C 3561:275 JLINK_IsHalted()  returns FALSE (0001ms, 20863ms total)
T161C 3561:296 JLINK_IsHalted()  returns TRUE (0003ms, 20865ms total)
T161C 3561:299 JLINK_GetMOEs(...) -- CPU_ReadMem(4 bytes @ 0xE000ED30) -- CPU_WriteMem(4 bytes @ 0xE000ED30)  returns 0x01 (0001ms, 20863ms total)
T161C 3561:300 JLINK_ReadReg(R15 (PC))  returns 0x00400C90 (0000ms, 20863ms total)
T161C 3561:300 JLINK_WriteMem(0xE000EDFC, 0x0004 Bytes, ...) - Data: 00 00 00 01 -- CPU_WriteMem(4 bytes @ 0xE000EDFC)  returns 0x04 (0001ms, 20864ms total)
T161C 3561:301 JLINK_ReadMem (0xE0001000, 0x0004 Bytes, ...) -- CPU_ReadMem(4 bytes @ 0xE0001000) - Data: 01 00 00 40  returns 0x00 (0000ms, 20864ms total)
T161C 3561:301 JLINK_WriteMem(0xE0001000, 0x0004 Bytes, ...) - Data: 01 00 00 40  returns 0x04 (0000ms, 20864ms total)
T161C 3561:301 JLINK_WriteMem(0xE0001028, 0x0004 Bytes, ...) - Data: 00 01 00 00  returns 0x04 (0000ms, 20864ms total)
T161C 3561:301 JLINK_ReadMem (0xE0001028, 0x0004 Bytes, ...) -- CPU_WriteMem(4 bytes @ 0xE0001028) -- CPU_ReadMem(4 bytes @ 0xE0001028) - Data: 00 00 00 00  returns 0x00 (0002ms, 20866ms total)
T161C 3561:303 JLINK_WriteMem(0xE0001024, 0x0004 Bytes, ...) - Data: 1F 00 00 00  returns 0x04 (0000ms, 20866ms total)
T161C 3561:303 JLINK_ReadMem (0xE0001024, 0x0004 Bytes, ...) -- CPU_WriteMem(4 bytes @ 0xE0001024) -- CPU_ReadMem(4 bytes @ 0xE0001024) - Data: 0F 00 00 00  returns 0x00 (0001ms, 20867ms total)
T161C 3561:304 JLINK_WriteMem(0xE0001038, 0x0004 Bytes, ...) - Data: 00 01 00 00  returns 0x04 (0000ms, 20867ms total)
T161C 3561:304 JLINK_ReadMem (0xE0001038, 0x0004 Bytes, ...) -- CPU_WriteMem(4 bytes @ 0xE0001038) -- CPU_ReadMem(4 bytes @ 0xE0001038) - Data: 00 03 00 00  returns 0x00 (0002ms, 20869ms total)
T161C 3561:306 JLINK_WriteMem(0xE0001034, 0x0004 Bytes, ...) - Data: 1F 00 00 00  returns 0x04 (0000ms, 20869ms total)
T161C 3561:306 JLINK_ReadMem (0xE0001034, 0x0004 Bytes, ...) -- CPU_WriteMem(4 bytes @ 0xE0001034) -- CPU_ReadMem(4 bytes @ 0xE0001034) - Data: 0F 00 00 00  returns 0x00 (0001ms, 20870ms total)
T161C 3561:307 JLINK_WriteMem(0xE0001048, 0x0004 Bytes, ...) - Data: 00 01 00 00  returns 0x04 (0000ms, 20870ms total)
T161C 3561:307 JLINK_ReadMem (0xE0001048, 0x0004 Bytes, ...) -- CPU_WriteMem(4 bytes @ 0xE0001048) -- CPU_ReadMem(4 bytes @ 0xE0001048) - Data: 00 00 00 00  returns 0x00 (0002ms, 20872ms total)
T161C 3561:309 JLINK_WriteMem(0xE0001044, 0x0004 Bytes, ...) - Data: 1F 00 00 00  returns 0x04 (0000ms, 20872ms total)
T161C 3561:309 JLINK_ReadMem (0xE0001044, 0x0004 Bytes, ...) -- CPU_WriteMem(4 bytes @ 0xE0001044) -- CPU_ReadMem(4 bytes @ 0xE0001044) - Data: 0F 00 00 00  returns 0x00 (0001ms, 20873ms total)
T161C 3561:310 JLINK_WriteMem(0xE0001058, 0x0004 Bytes, ...) - Data: 00 01 00 00  returns 0x04 (0000ms, 20873ms total)
T161C 3561:310 JLINK_ReadMem (0xE0001058, 0x0004 Bytes, ...) -- CPU_WriteMem(4 bytes @ 0xE0001058) -- CPU_ReadMem(4 bytes @ 0xE0001058) - Data: 00 00 00 00  returns 0x00 (0001ms, 20874ms total)
T161C 3561:311 JLINK_WriteMem(0xE0001054, 0x0004 Bytes, ...) - Data: 1F 00 00 00  returns 0x04 (0001ms, 20875ms total)
T161C 3561:312 JLINK_ReadMem (0xE0001054, 0x0004 Bytes, ...) -- CPU_WriteMem(4 bytes @ 0xE0001054) -- CPU_ReadMem(4 bytes @ 0xE0001054) - Data: 0F 00 00 00  returns 0x00 (0001ms, 20876ms total)
T161C 3561:313 JLINK_WriteMem(0xE0001020, 0x0004 Bytes, ...) - Data: 00 00 00 00  returns 0x04 (0000ms, 20876ms total)
T161C 3561:313 JLINK_WriteMem(0xE0001024, 0x0004 Bytes, ...) - Data: 00 00 00 00  returns 0x04 (0000ms, 20876ms total)
T161C 3561:313 JLINK_WriteMem(0xE0001028, 0x0004 Bytes, ...) - Data: 00 00 00 00  returns 0x04 (0000ms, 20876ms total)
T161C 3561:313 JLINK_WriteMem(0xE0001030, 0x0004 Bytes, ...) - Data: 00 00 00 00  returns 0x04 (0000ms, 20876ms total)
T161C 3561:313 JLINK_WriteMem(0xE0001034, 0x0004 Bytes, ...) - Data: 00 00 00 00  returns 0x04 (0000ms, 20876ms total)
T161C 3561:313 JLINK_WriteMem(0xE0001038, 0x0004 Bytes, ...) - Data: 00 00 00 00  returns 0x04 (0000ms, 20876ms total)
T161C 3561:313 JLINK_WriteMem(0xE0001040, 0x0004 Bytes, ...) - Data: 00 00 00 00  returns 0x04 (0000ms, 20876ms total)
T161C 3561:313 JLINK_WriteMem(0xE0001044, 0x0004 Bytes, ...) - Data: 00 00 00 00  returns 0x04 (0000ms, 20876ms total)
T161C 3561:313 JLINK_WriteMem(0xE0001048, 0x0004 Bytes, ...) - Data: 00 00 00 00  returns 0x04 (0000ms, 20876ms total)
T161C 3561:313 JLINK_WriteMem(0xE0001050, 0x0004 Bytes, ...) - Data: 00 00 00 00  returns 0x04 (0000ms, 20876ms total)
T161C 3561:313 JLINK_WriteMem(0xE0001054, 0x0004 Bytes, ...) - Data: 00 00 00 00  returns 0x04 (0000ms, 20876ms total)
T161C 3561:313 JLINK_WriteMem(0xE0001058, 0x0004 Bytes, ...) - Data: 00 00 00 00  returns 0x04 (0001ms, 20877ms total)
T161C 3561:314 JLINK_GetBPInfo(BPHandle = 1)  returns 0x00 (0000ms, 20877ms total)
T161C 3561:314 JLINK_ClrBPEx(BPHandle = 0x00000001)  returns 0x00 (0000ms, 20877ms total)
T1DF4 3561:315 JLINK_ReadReg(R15 (PC))  returns 0x00400C90 (0000ms, 20877ms total)
T1DF4 3561:315 JLINK_ReadReg(R13 (SP))  returns 0x20003918 (0000ms, 20877ms total)
T1DF4 3561:315 JLINK_ReadMemHW(0x00400C90, 0x0004 Bytes, ...) -- CPU_ReadMem(4 bytes @ 0x00400C90) - Data: F0 B5 87 B0  returns 0x00 (0001ms, 20878ms total)
T1DF4 3561:327 JLINK_ReadReg(R15 (PC))  returns 0x00400C90 (0000ms, 20878ms total)
T1DF4 3561:327 JLINK_Go() -- CPU_WriteMem(4 bytes @ 0xE0001000) -- CPU_ReadMem(4 bytes @ 0xE0001000) -- CPU_WriteMem(4 bytes @ 0xE0001020) -- CPU_WriteMem(4 bytes @ 0xE0001030) -- CPU_WriteMem(4 bytes @ 0xE0001040) -- CPU_WriteMem(4 bytes @ 0xE0001050) -- CPU_WriteMem(4 bytes @ 0xE0001024) -- CPU_WriteMem(4 bytes @ 0xE0001034) -- CPU_WriteMem(4 bytes @ 0xE0001044) -- CPU_WriteMem(4 bytes @ 0xE0001054) -- CPU_WriteMem(4 bytes @ 0xE0001028) -- CPU_WriteMem(4 bytes @ 0xE0001038)
 -- CPU_WriteMem(4 bytes @ 0xE0001048) -- CPU_WriteMem(4 bytes @ 0xE0001058) -- CPU_WriteMem(4 bytes @ 0xE0002008) (0006ms, 20884ms total)
T161C 3561:333 JLINK_IsHalted()  returns FALSE (0001ms, 20885ms total)
T161C 3561:392 JLINK_IsHalted()  returns FALSE (0000ms, 20884ms total)
T161C 3561:552 JLINK_IsHalted()  returns FALSE (0000ms, 20884ms total)
T161C 3561:752 JLINK_IsHalted()  returns FALSE (0028ms, 20912ms total)
T161C 3561:992 JLINK_IsHalted()  returns FALSE (0000ms, 20884ms total)
T161C 3562:192 JLINK_IsHalted()  returns FALSE (0000ms, 20884ms total)
T161C 3562:392 JLINK_IsHalted()  returns FALSE (0000ms, 20884ms total)
T161C 3562:593 JLINK_IsHalted()  returns FALSE (0000ms, 20884ms total)
T161C 3562:793 JLINK_IsHalted()  returns FALSE (0002ms, 20886ms total)
T161C 3562:995 JLINK_IsHalted()  returns FALSE (0000ms, 20884ms total)
T161C 3563:195 JLINK_IsHalted()  returns FALSE (0000ms, 20884ms total)
T161C 3563:395 JLINK_IsHalted()  returns FALSE (0001ms, 20885ms total)
T161C 3563:596 JLINK_IsHalted()  returns FALSE (0000ms, 20884ms total)
T161C 3563:796 JLINK_IsHalted()  returns FALSE (0001ms, 20885ms total)
T161C 3563:997 JLINK_IsHalted()  returns FALSE (0001ms, 20885ms total)
T161C 3564:198 JLINK_IsHalted()  returns FALSE (0000ms, 20884ms total)
T161C 3564:398 JLINK_IsHalted()  returns FALSE (0000ms, 20884ms total)
T161C 3564:598 JLINK_IsHalted()  returns FALSE (0000ms, 20884ms total)
T161C 3564:798 JLINK_IsHalted()  returns FALSE (0001ms, 20885ms total)
T161C 3564:999 JLINK_IsHalted()  returns FALSE (0000ms, 20884ms total)
T161C 3565:199 JLINK_IsHalted()  returns FALSE (0000ms, 20884ms total)
T161C 3565:399 JLINK_IsHalted()  returns FALSE (0000ms, 20884ms total)
T161C 3565:599 JLINK_IsHalted()  returns FALSE (0000ms, 20884ms total)
T161C 3565:799 JLINK_IsHalted()  returns FALSE (0000ms, 20884ms total)
T161C 3565:999 JLINK_IsHalted()  returns FALSE (0000ms, 20884ms total)
T161C 3566:199 JLINK_IsHalted()  returns FALSE (0000ms, 20884ms total)
T161C 3566:399 JLINK_IsHalted()  returns FALSE (0000ms, 20884ms total)
T161C 3566:599 JLINK_IsHalted()  returns FALSE (0000ms, 20884ms total)
T161C 3566:799 JLINK_IsHalted()  returns FALSE (0000ms, 20884ms total)
T161C 3566:999 JLINK_IsHalted()  returns FALSE (0000ms, 20884ms total)
T161C 3567:199 JLINK_IsHalted()  returns FALSE (0000ms, 20884ms total)
T161C 3567:399 JLINK_IsHalted()  returns FALSE (0000ms, 20884ms total)
T161C 3567:599 JLINK_IsHalted()  returns FALSE (0000ms, 20884ms total)
T161C 3567:799 JLINK_IsHalted()  returns FALSE (0000ms, 20884ms total)
T161C 3567:999 JLINK_IsHalted()  returns FALSE (0000ms, 20884ms total)
T161C 3568:199 JLINK_IsHalted()  returns FALSE (0000ms, 20884ms total)
T161C 3568:399 JLINK_IsHalted()  returns FALSE (0000ms, 20884ms total)
T161C 3568:599 JLINK_IsHalted()  returns FALSE (0000ms, 20884ms total)
T161C 3568:799 JLINK_IsHalted()  returns FALSE (0000ms, 20884ms total)
T161C 3568:999 JLINK_IsHalted()  returns FALSE (0000ms, 20884ms total)
T161C 3569:199 JLINK_IsHalted()  returns FALSE (0000ms, 20884ms total)
T161C 3569:399 JLINK_IsHalted()  returns FALSE (0000ms, 20884ms total)
T161C 3569:599 JLINK_IsHalted()  returns FALSE (0000ms, 20884ms total)
T161C 3569:800 JLINK_IsHalted()  returns FALSE (0001ms, 20885ms total)
T161C 3570:001 JLINK_IsHalted()  returns FALSE (0000ms, 20884ms total)
T161C 3570:201 JLINK_IsHalted()  returns FALSE (0000ms, 20884ms total)
T161C 3570:401 JLINK_IsHalted()  returns FALSE (0000ms, 20884ms total)
T161C 3570:601 JLINK_IsHalted()  returns FALSE (0000ms, 20884ms total)
T161C 3570:801 JLINK_IsHalted()  returns FALSE (0001ms, 20885ms total)
T161C 3571:002 JLINK_IsHalted()  returns FALSE (0001ms, 20885ms total)
T161C 3571:203 JLINK_IsHalted()  returns FALSE (0000ms, 20884ms total)
T161C 3571:403 JLINK_IsHalted()  returns FALSE (0000ms, 20884ms total)
T161C 3571:603 JLINK_IsHalted()  returns FALSE (0000ms, 20884ms total)
T161C 3571:803 JLINK_IsHalted()  returns FALSE (0000ms, 20884ms total)
T161C 3572:003 JLINK_IsHalted()  returns FALSE (0000ms, 20884ms total)
T161C 3572:203 JLINK_IsHalted()  returns FALSE (0000ms, 20884ms total)
T161C 3572:403 JLINK_IsHalted()  returns FALSE (0000ms, 20884ms total)
T161C 3572:603 JLINK_IsHalted()  returns FALSE (0000ms, 20884ms total)
T161C 3572:803 JLINK_IsHalted()  returns FALSE (0000ms, 20884ms total)
T161C 3573:003 JLINK_IsHalted()  returns FALSE (0000ms, 20884ms total)
T161C 3573:203 JLINK_IsHalted()  returns FALSE (0000ms, 20884ms total)
T161C 3573:403 JLINK_IsHalted()  returns FALSE (0000ms, 20884ms total)
T161C 3573:603 JLINK_IsHalted()  returns FALSE (0000ms, 20884ms total)
T161C 3573:804 JLINK_IsHalted()  returns FALSE (0000ms, 20884ms total)
T161C 3574:004 JLINK_IsHalted()  returns FALSE (0000ms, 20884ms total)
T161C 3574:204 JLINK_IsHalted()  returns FALSE (0001ms, 20885ms total)
T161C 3574:405 JLINK_IsHalted()  returns FALSE (0000ms, 20884ms total)
T161C 3574:605 JLINK_IsHalted()  returns FALSE (0001ms, 20885ms total)
T161C 3574:806 JLINK_IsHalted()  returns FALSE (0001ms, 20885ms total)
T161C 3575:007 JLINK_IsHalted()  returns FALSE (0001ms, 20885ms total)
T161C 3575:208 JLINK_IsHalted()  returns FALSE (0000ms, 20884ms total)
T161C 3575:408 JLINK_IsHalted()  returns FALSE (0000ms, 20884ms total)
T161C 3575:608 JLINK_IsHalted()  returns FALSE (0000ms, 20884ms total)
T161C 3575:808 JLINK_IsHalted()  returns FALSE (0000ms, 20884ms total)
T161C 3576:008 JLINK_IsHalted()  returns FALSE (0000ms, 20884ms total)
T161C 3576:208 JLINK_IsHalted()  returns FALSE (0000ms, 20884ms total)
T161C 3576:408 JLINK_IsHalted()  returns FALSE (0000ms, 20884ms total)
T161C 3576:608 JLINK_IsHalted()  returns FALSE (0000ms, 20884ms total)
T161C 3576:808 JLINK_IsHalted()  returns FALSE (0000ms, 20884ms total)
T161C 3577:008 JLINK_IsHalted()  returns FALSE (0000ms, 20884ms total)
T161C 3577:208 JLINK_IsHalted()  returns FALSE (0000ms, 20884ms total)
T161C 3577:408 JLINK_IsHalted()  returns FALSE (0000ms, 20884ms total)
T161C 3577:608 JLINK_IsHalted()  returns FALSE (0000ms, 20884ms total)
T161C 3577:808 JLINK_IsHalted()  returns FALSE (0000ms, 20884ms total)
T161C 3578:008 JLINK_IsHalted()  returns FALSE (0000ms, 20884ms total)
T161C 3578:208 JLINK_IsHalted()  returns FALSE (0000ms, 20884ms total)
T161C 3578:408 JLINK_IsHalted()  returns FALSE (0000ms, 20884ms total)
T161C 3578:608 JLINK_IsHalted()  returns FALSE (0001ms, 20885ms total)
T161C 3578:809 JLINK_IsHalted()  returns FALSE (0000ms, 20884ms total)
T161C 3579:009 JLINK_IsHalted()  returns FALSE (0000ms, 20884ms total)
T161C 3579:209 JLINK_IsHalted()  returns FALSE (0000ms, 20884ms total)
T161C 3579:410 JLINK_IsHalted()  returns FALSE (0000ms, 20884ms total)
T161C 3579:642 JLINK_IsHalted()  returns FALSE (0000ms, 20884ms total)
T161C 3579:842 JLINK_IsHalted()  returns FALSE (0000ms, 20884ms total)
T161C 3580:042 JLINK_IsHalted()  returns FALSE (0000ms, 20884ms total)
T161C 3580:242 JLINK_IsHalted()  returns FALSE (0000ms, 20884ms total)
T161C 3580:442 JLINK_IsHalted()  returns FALSE (0000ms, 20884ms total)
T161C 3580:642 JLINK_IsHalted()  returns FALSE (0000ms, 20884ms total)
T161C 3580:842 JLINK_IsHalted()  returns FALSE (0000ms, 20884ms total)
T161C 3581:043 JLINK_IsHalted()  returns FALSE (0000ms, 20884ms total)
T161C 3581:244 JLINK_IsHalted()  returns FALSE (0001ms, 20885ms total)
T161C 3581:445 JLINK_IsHalted()  returns FALSE (0001ms, 20885ms total)
T161C 3581:646 JLINK_IsHalted()  returns FALSE (0001ms, 20885ms total)
T161C 3581:847 JLINK_IsHalted()  returns FALSE (0002ms, 20886ms total)
T161C 3582:049 JLINK_IsHalted()  returns FALSE (0001ms, 20885ms total)
T161C 3582:250 JLINK_IsHalted()  returns FALSE (0001ms, 20885ms total)
T161C 3582:451 JLINK_IsHalted()  returns FALSE (0000ms, 20884ms total)
T161C 3582:651 JLINK_IsHalted()  returns FALSE (0005ms, 20889ms total)
T161C 3582:856 JLINK_IsHalted()  returns FALSE (0000ms, 20884ms total)
T161C 3583:056 JLINK_IsHalted()  returns FALSE (0000ms, 20884ms total)
T161C 3583:269 JLINK_IsHalted()  returns FALSE (0001ms, 20885ms total)
T161C 3583:492 JLINK_IsHalted()  returns FALSE (0000ms, 20884ms total)
T161C 3583:692 JLINK_IsHalted()  returns FALSE (0000ms, 20884ms total)
T161C 3583:892 JLINK_IsHalted()  returns FALSE (0000ms, 20884ms total)
T161C 3584:092 JLINK_IsHalted()  returns FALSE (0000ms, 20884ms total)
T161C 3584:292 JLINK_IsHalted()  returns FALSE (0000ms, 20884ms total)
T161C 3584:492 JLINK_IsHalted()  returns FALSE (0000ms, 20884ms total)
T161C 3584:692 JLINK_IsHalted()  returns FALSE (0000ms, 20884ms total)
T161C 3584:892 JLINK_IsHalted()  returns FALSE (0000ms, 20884ms total)
T161C 3585:092 JLINK_IsHalted()  returns FALSE (0000ms, 20884ms total)
T161C 3585:292 JLINK_IsHalted()  returns FALSE (0000ms, 20884ms total)
T161C 3585:492 JLINK_IsHalted()  returns FALSE (0000ms, 20884ms total)
T161C 3585:692 JLINK_IsHalted()  returns FALSE (0000ms, 20884ms total)
T161C 3585:892 JLINK_IsHalted()  returns FALSE (0001ms, 20885ms total)
T161C 3586:093 JLINK_IsHalted()  returns FALSE (0001ms, 20885ms total)
T161C 3586:294 JLINK_IsHalted()  returns FALSE (0001ms, 20885ms total)
T161C 3586:495 JLINK_IsHalted()  returns FALSE (0001ms, 20885ms total)
T161C 3586:696 JLINK_IsHalted()  returns FALSE (0000ms, 20884ms total)
T161C 3586:896 JLINK_IsHalted()  returns FALSE (0001ms, 20885ms total)
T161C 3587:097 JLINK_IsHalted()  returns FALSE (0000ms, 20884ms total)
T161C 3587:297 JLINK_IsHalted()  returns FALSE (0000ms, 20884ms total)
T1DF4 3587:502 JLINK_Halt()  returns 0x00 (0003ms, 20887ms total)
T161C 3587:506 JLINK_IsHalted()  returns TRUE (0000ms, 20887ms total)
T161C 3587:506 JLINK_GetMOEs(...) -- CPU_ReadMem(4 bytes @ 0xE000ED30) -- CPU_WriteMem(4 bytes @ 0xE000ED30)  returns 0x01 (0003ms, 20890ms total)
T161C 3587:509 JLINK_ReadReg(R15 (PC))  returns 0x004007A8 (0000ms, 20890ms total)
T161C 3587:742 JLINK_IsHalted()  returns TRUE (0000ms, 20890ms total)
T2134 3587:742 JLINK_ResetPullsRESET(ON) (0001ms, 20891ms total)
T2134 3587:743 JLINK_ResetNoHalt() >0x2F8 JTAG>TotalIRLen = 4, IRPrint = 0x01 >0x30 JTAG> >0x210 JTAG> >0x70 JTAG> >0x40 JTAG> >0x40 JTAG> >0x40 JTAG> >0x48 JTAG> >0x78 JTAG> >0x40 JTAG> >0x30 JTAG> >0x40 JTAG> >0x40 JTAG> >0x30 JTAG> >0x40 JTAG> >0x48 JTAG>Found Cortex-M4 r0p1, Little endian. -- CPU_ReadMem(4 bytes @ 0xE000EDF0) -- CPU_ReadMem(4 bytes @ 0xE0002000)FPUnit: 6 code (BP) slots and 2 literal slots -- CPU_ReadMem(4 bytes @ 0xE0001000) -- CPU_ReadMem(4 bytes @ 0xE000ED88)
 -- CPU_WriteMem(4 bytes @ 0xE000ED88) -- CPU_ReadMem(4 bytes @ 0xE000ED88) -- CPU_WriteMem(4 bytes @ 0xE000ED88)CoreSight components:ROMTbl 0 @ E00FF000 -- CPU_ReadMem(16 bytes @ 0xE00FF000) -- CPU_ReadMem(16 bytes @ 0xE000EFF0) -- CPU_ReadMem(16 bytes @ 0xE000EFE0)ROMTbl 0 [0]: FFF0F000, CID: B105E00D, PID: 000BB000 SCS -- CPU_WriteMem(4 bytes @ 0xE0001000) -- CPU_ReadMem(16 bytes @ 0xE0001FF0) -- CPU_ReadMem(16 bytes @ 0xE0001FE0)ROMTbl 0 [1]: FFF02000, CID: B105E00D, PID: 003BB002 DWT
 -- CPU_ReadMem(16 bytes @ 0xE0002FF0) -- CPU_ReadMem(16 bytes @ 0xE0002FE0)ROMTbl 0 [2]: FFF03000, CID: B105E00D, PID: 002BB003 FPB -- CPU_ReadMem(16 bytes @ 0xE0000FF0) -- CPU_ReadMem(16 bytes @ 0xE0000FE0)ROMTbl 0 [3]: FFF01000, CID: B105E00D, PID: 003BB001 ITM -- CPU_ReadMem(16 bytes @ 0xE00FF010) -- CPU_ReadMem(16 bytes @ 0xE0040FF0) -- CPU_ReadMem(16 bytes @ 0xE0040FE0)ROMTbl 0 [4]: FFF41000, CID: B105900D, PID: 000BB9A1 TPIU
                JLINK_Reset() -- CPU_ReadMem(16 bytes @ 0x20000000) -- CPU_WriteMem(16 bytes @ 0x20000000) -- CPU_ReadMem(4 bytes @ 0xE000EDFC) -- CPU_WriteMem(4 bytes @ 0xE000EDFC) -- CPU_ReadMem(4 bytes @ 0xE0001000) -- CPU_WriteMem(4 bytes @ 0xE000EDFC) -- CPU_WriteMem(16 bytes @ 0x20000000) -- CPU_WriteMem(4 bytes @ 0xE0002000) -- CPU_ReadMem(4 bytes @ 0xE000EDFC) -- CPU_ReadMem(4 bytes @ 0xE0001000) (0024ms, 0024ms total)
                JLINK_Go() -- CPU_ReadMem(4 bytes @ 0xE0001000) -- CPU_WriteMem(4 bytes @ 0xE0002008) -- CPU_WriteMem(4 bytes @ 0xE000200C) -- CPU_WriteMem(4 bytes @ 0xE0002010) -- CPU_WriteMem(4 bytes @ 0xE0002014) -- CPU_WriteMem(4 bytes @ 0xE0002018) -- CPU_WriteMem(4 bytes @ 0xE000201C) -- CPU_WriteMem(4 bytes @ 0xE0001004) (0004ms, 0028ms total)
               (0048ms, 20939ms total)
T2134 3587:807 JLINK_Close() -- CPU is running -- CPU_WriteMem(4 bytes @ 0xE0002008) -- CPU is running -- CPU_WriteMem(4 bytes @ 0xE000200C) -- CPU is running -- CPU_WriteMem(4 bytes @ 0xE0002010) -- CPU is running -- CPU_WriteMem(4 bytes @ 0xE0002014) -- CPU is running -- CPU_WriteMem(4 bytes @ 0xE0002018) -- CPU is running -- CPU_WriteMem(4 bytes @ 0xE000201C) >0x78 JTAG> >0x08 JTAG> (0006ms, 20945ms total)
T2134 3587:807  (0006ms, 20945ms total)
T2134 3587:807 Closed (0006ms, 20945ms total)
