
T2150 050:666 SEGGER J-Link V4.98e Log File (0014ms, 0284ms total)
T2150 050:666 DLL Compiled: May  5 2015 11:00:52 (0014ms, 0284ms total)
T2150 050:666 Logging started @ 2016-06-06 16:17 (0014ms, 0284ms total)
T2150 050:688 JLINK_ExecCommand("Device = AT91SAM4SD32C", ...)Device "ATSAM4SD32C" selected.  returns 0x00 (0000ms, 0284ms total)
T2150 050:770 JLINK_ExecCommand("ProjectFile = F:\15-DAC\EEN251-master\Codigos\15-DAC\LCD-Desenhos\jlink.config", ...)  returns 0x00 (0004ms, 0288ms total)
T2150 050:781 JLINK_ExecCommand("Device = AT91SAM4SD32C", ...)Device "ATSAM4SD32C" selected.  returns 0x00 (0001ms, 0289ms total)
T2150 050:782 JLINK_TIF_Select(JLINKARM_TIF_JTAG)  returns 0x00 (0006ms, 0295ms total)
T2150 050:788 JLINK_GetIdData(...) >0x2F8 JTAG>TotalIRLen = 4, IRPrint = 0x01 >0x30 JTAG> >0x210 JTAG> >0x70 JTAG> >0x40 JTAG> >0x40 JTAG> >0x40 JTAG> >0x48 JTAG> >0x78 JTAG> >0x40 JTAG> >0x30 JTAG> >0x40 JTAG> >0x40 JTAG> >0x30 JTAG> >0x40 JTAG> >0x48 JTAG>Found Cortex-M4 r0p1, Little endian. -- CPU_WriteMem(4 bytes @ 0xE0002000) -- CPU_ReadMem(4 bytes @ 0xE000EDF0) -- CPU_ReadMem(4 bytes @ 0xE0002000)FPUnit: 6 code (BP) slots and 2 literal slots -- CPU_ReadMem(4 bytes @ 0xE000EDFC)
 -- CPU_ReadMem(4 bytes @ 0xE0001000) -- CPU_WriteMem(4 bytes @ 0xE0001000) -- CPU_ReadMem(4 bytes @ 0xE000ED88) -- CPU_WriteMem(4 bytes @ 0xE000ED88) -- CPU_ReadMem(4 bytes @ 0xE000ED88) -- CPU_WriteMem(4 bytes @ 0xE000ED88)CoreSight components:ROMTbl 0 @ E00FF000 -- CPU_ReadMem(16 bytes @ 0xE00FF000) -- CPU_ReadMem(16 bytes @ 0xE000EFF0) -- CPU_ReadMem(16 bytes @ 0xE000EFE0)ROMTbl 0 [0]: FFF0F000, CID: B105E00D, PID: 000BB000 SCS -- CPU_ReadMem(16 bytes @ 0xE0001FF0)
 -- CPU_ReadMem(16 bytes @ 0xE0001FE0)ROMTbl 0 [1]: FFF02000, CID: B105E00D, PID: 003BB002 DWT -- CPU_ReadMem(16 bytes @ 0xE0002FF0) -- CPU_ReadMem(16 bytes @ 0xE0002FE0)ROMTbl 0 [2]: FFF03000, CID: B105E00D, PID: 002BB003 FPB -- CPU_ReadMem(16 bytes @ 0xE0000FF0) -- CPU_ReadMem(16 bytes @ 0xE0000FE0)ROMTbl 0 [3]: FFF01000, CID: B105E00D, PID: 003BB001 ITM -- CPU_ReadMem(16 bytes @ 0xE00FF010) -- CPU_ReadMem(16 bytes @ 0xE0040FF0) -- CPU_ReadMem(16 bytes @ 0xE0040FE0)
ROMTbl 0 [4]: FFF41000, CID: B105900D, PID: 000BB9A1 TPIU ScanLen=4 NumDevices=1 aId[0]=0x4BA00477 aIrRead[0]=0 aScanLen[0]=0 aScanRead[0]=0 (0049ms, 0344ms total)
T2150 050:837 JLINK_ConfigJTAG(IRPre = 0, DRPre = 0) (0000ms, 0344ms total)
T2150 050:837 JLINK_SetSpeed(1000) (0001ms, 0345ms total)
T2150 050:838 JLINK_ResetPullsRESET(OFF) (0000ms, 0345ms total)
T2150 050:838 JLINK_Connect() >0x2F8 JTAG>TotalIRLen = 4, IRPrint = 0x01 >0x30 JTAG> >0x210 JTAG> >0x70 JTAG> >0x40 JTAG> >0x40 JTAG> >0x40 JTAG> >0x48 JTAG> >0x78 JTAG> >0x40 JTAG> >0x30 JTAG> >0x40 JTAG> >0x40 JTAG> >0x30 JTAG> >0x40 JTAG> >0x48 JTAG>Found Cortex-M4 r0p1, Little endian. -- CPU_WriteMem(4 bytes @ 0xE0002000) -- CPU_ReadMem(4 bytes @ 0xE000EDF0) -- CPU_ReadMem(4 bytes @ 0xE0002000)FPUnit: 6 code (BP) slots and 2 literal slots -- CPU_ReadMem(4 bytes @ 0xE000EDFC)
 -- CPU_ReadMem(4 bytes @ 0xE0001000) -- CPU_WriteMem(4 bytes @ 0xE0001000) -- CPU_ReadMem(4 bytes @ 0xE000ED88) -- CPU_WriteMem(4 bytes @ 0xE000ED88) -- CPU_ReadMem(4 bytes @ 0xE000ED88) -- CPU_WriteMem(4 bytes @ 0xE000ED88)CoreSight components:ROMTbl 0 @ E00FF000 -- CPU_ReadMem(16 bytes @ 0xE00FF000) -- CPU_ReadMem(16 bytes @ 0xE000EFF0) -- CPU_ReadMem(16 bytes @ 0xE000EFE0)ROMTbl 0 [0]: FFF0F000, CID: B105E00D, PID: 000BB000 SCS -- CPU_ReadMem(16 bytes @ 0xE0001FF0)
 -- CPU_ReadMem(16 bytes @ 0xE0001FE0)ROMTbl 0 [1]: FFF02000, CID: B105E00D, PID: 003BB002 DWT -- CPU_ReadMem(16 bytes @ 0xE0002FF0) -- CPU_ReadMem(16 bytes @ 0xE0002FE0)ROMTbl 0 [2]: FFF03000, CID: B105E00D, PID: 002BB003 FPB -- CPU_ReadMem(16 bytes @ 0xE0000FF0) -- CPU_ReadMem(16 bytes @ 0xE0000FE0)ROMTbl 0 [3]: FFF01000, CID: B105E00D, PID: 003BB001 ITM -- CPU_ReadMem(16 bytes @ 0xE00FF010) -- CPU_ReadMem(16 bytes @ 0xE0040FF0) -- CPU_ReadMem(16 bytes @ 0xE0040FE0)
ROMTbl 0 [4]: FFF41000, CID: B105900D, PID: 000BB9A1 TPIU  returns 0x00 (0042ms, 0387ms total)
T2150 050:880 JLINK_GetDebugInfo(0x100) -- Value=0xE00FF003  returns 0x00 (0001ms, 0388ms total)
T2150 050:881 JLINK_ReadMem (0xE00FFFF0, 0x0010 Bytes, ...) -- CPU is running -- CPU_ReadMem(16 bytes @ 0xE00FFFF0) - Data: 0D 00 00 00 10 00 00 00 05 00 00 00 B1 00 00 00  returns 0x00 (0002ms, 0390ms total)
T2150 050:883 JLINK_ReadMem (0xE00FFFD0, 0x0020 Bytes, ...) -- CPU is running -- CPU_ReadMem(32 bytes @ 0xE00FFFD0) - Data: 04 00 00 00 00 00 00 00 00 00 00 00 00 00 00 00 ...  returns 0x00 (0002ms, 0392ms total)
T2150 050:885 JLINK_ReadMemU32(0xE00FF000, 0x0001 Items, ...) -- CPU is running -- CPU_ReadMem(4 bytes @ 0xE00FF000) - Data: 03 F0 F0 FF  returns 0x01 (0001ms, 0393ms total)
T2150 050:886 JLINK_ReadMem (0xE000EFF0, 0x0010 Bytes, ...) -- CPU is running -- CPU_ReadMem(16 bytes @ 0xE000EFF0) - Data: 0D 00 00 00 E0 00 00 00 05 00 00 00 B1 00 00 00  returns 0x00 (0001ms, 0394ms total)
T2150 050:887 JLINK_ReadMem (0xE000EFD0, 0x0020 Bytes, ...) -- CPU is running -- CPU_ReadMem(32 bytes @ 0xE000EFD0) - Data: 04 00 00 00 00 00 00 00 00 00 00 00 00 00 00 00 ...  returns 0x00 (0002ms, 0396ms total)
T2150 050:889 JLINK_ReadMemU32(0xE00FF004, 0x0001 Items, ...) -- CPU is running -- CPU_ReadMem(4 bytes @ 0xE00FF004) - Data: 03 20 F0 FF  returns 0x01 (0001ms, 0397ms total)
T2150 050:890 JLINK_ReadMem (0xE0001FF0, 0x0010 Bytes, ...) -- CPU is running -- CPU_ReadMem(16 bytes @ 0xE0001FF0) - Data: 0D 00 00 00 E0 00 00 00 05 00 00 00 B1 00 00 00  returns 0x00 (0001ms, 0398ms total)
T2150 050:891 JLINK_ReadMem (0xE0001FD0, 0x0020 Bytes, ...) -- CPU is running -- CPU_ReadMem(32 bytes @ 0xE0001FD0) - Data: 04 00 00 00 00 00 00 00 00 00 00 00 00 00 00 00 ...  returns 0x00 (0002ms, 0400ms total)
T2150 050:893 JLINK_ReadMemU32(0xE00FF008, 0x0001 Items, ...) -- CPU is running -- CPU_ReadMem(4 bytes @ 0xE00FF008) - Data: 03 30 F0 FF  returns 0x01 (0001ms, 0401ms total)
T2150 050:894 JLINK_ReadMem (0xE0002FF0, 0x0010 Bytes, ...) -- CPU is running -- CPU_ReadMem(16 bytes @ 0xE0002FF0) - Data: 0D 00 00 00 E0 00 00 00 05 00 00 00 B1 00 00 00  returns 0x00 (0001ms, 0402ms total)
T2150 050:895 JLINK_ReadMem (0xE0002FD0, 0x0020 Bytes, ...) -- CPU is running -- CPU_ReadMem(32 bytes @ 0xE0002FD0) - Data: 04 00 00 00 00 00 00 00 00 00 00 00 00 00 00 00 ...  returns 0x00 (0002ms, 0404ms total)
T2150 050:897 JLINK_ReadMemU32(0xE00FF00C, 0x0001 Items, ...) -- CPU is running -- CPU_ReadMem(4 bytes @ 0xE00FF00C) - Data: 03 10 F0 FF  returns 0x01 (0001ms, 0405ms total)
T2150 050:898 JLINK_ReadMem (0xE0000FF0, 0x0010 Bytes, ...) -- CPU is running -- CPU_ReadMem(16 bytes @ 0xE0000FF0) - Data: 0D 00 00 00 E0 00 00 00 05 00 00 00 B1 00 00 00  returns 0x00 (0001ms, 0406ms total)
T2150 050:899 JLINK_ReadMem (0xE0000FD0, 0x0020 Bytes, ...) -- CPU is running -- CPU_ReadMem(32 bytes @ 0xE0000FD0) - Data: 04 00 00 00 00 00 00 00 00 00 00 00 00 00 00 00 ...  returns 0x00 (0002ms, 0408ms total)
T2150 050:901 JLINK_ReadMemU32(0xE00FF010, 0x0001 Items, ...) -- CPU is running -- CPU_ReadMem(4 bytes @ 0xE00FF010) - Data: 03 10 F4 FF  returns 0x01 (0001ms, 0409ms total)
T2150 050:902 JLINK_ReadMem (0xE0040FF0, 0x0010 Bytes, ...) -- CPU is running -- CPU_ReadMem(16 bytes @ 0xE0040FF0) - Data: 0D 00 00 00 90 00 00 00 05 00 00 00 B1 00 00 00  returns 0x00 (0001ms, 0410ms total)
T2150 050:903 JLINK_ReadMem (0xE0040FD0, 0x0020 Bytes, ...) -- CPU is running -- CPU_ReadMem(32 bytes @ 0xE0040FD0) - Data: 04 00 00 00 00 00 00 00 00 00 00 00 00 00 00 00 ...  returns 0x00 (0002ms, 0412ms total)
T2150 050:905 JLINK_ReadMemU32(0xE00FF014, 0x0001 Items, ...) -- CPU is running -- CPU_ReadMem(4 bytes @ 0xE00FF014) - Data: 02 20 F4 FF  returns 0x01 (0001ms, 0413ms total)
T2150 050:906 JLINK_ReadMemU32(0xE00FF018, 0x0001 Items, ...) -- CPU is running -- CPU_ReadMem(4 bytes @ 0xE00FF018) - Data: 00 00 00 00  returns 0x01 (0001ms, 0414ms total)
T2150 050:907 JLINK_ReadMem (0xE0001000, 0x0004 Bytes, ...) -- CPU is running -- CPU_ReadMem(4 bytes @ 0xE0001000) - Data: 01 00 00 40  returns 0x00 (0001ms, 0415ms total)
T2150 050:908 JLINK_ReadMem (0xE0001000, 0x0004 Bytes, ...) -- CPU is running -- CPU_ReadMem(4 bytes @ 0xE0001000) - Data: 01 00 00 40  returns 0x00 (0001ms, 0416ms total)
T2150 050:909 JLINK_ReadMem (0xE0001028, 0x0004 Bytes, ...) -- CPU is running -- CPU_ReadMem(4 bytes @ 0xE0001028) - Data: 00 00 00 00  returns 0x00 (0001ms, 0417ms total)
T2150 050:910 JLINK_WriteMem(0xE0001028, 0x0004 Bytes, ...) - Data: 00 01 00 00 -- CPU is running -- CPU_WriteMem(4 bytes @ 0xE0001028)  returns 0x04 (0001ms, 0418ms total)
T2150 050:911 JLINK_ReadMem (0xE0001028, 0x0004 Bytes, ...) -- CPU is running -- CPU_ReadMem(4 bytes @ 0xE0001028) - Data: 00 00 00 00  returns 0x00 (0001ms, 0419ms total)
T2150 050:912 JLINK_ReadMem (0xE0001038, 0x0004 Bytes, ...) -- CPU is running -- CPU_ReadMem(4 bytes @ 0xE0001038) - Data: 00 02 00 00  returns 0x00 (0001ms, 0420ms total)
T2150 050:913 JLINK_WriteMem(0xE0001038, 0x0004 Bytes, ...) - Data: 00 03 00 00 -- CPU is running -- CPU_WriteMem(4 bytes @ 0xE0001038)  returns 0x04 (0001ms, 0421ms total)
T2150 050:914 JLINK_ReadMem (0xE0001038, 0x0004 Bytes, ...) -- CPU is running -- CPU_ReadMem(4 bytes @ 0xE0001038) - Data: 00 03 00 00  returns 0x00 (0001ms, 0422ms total)
T2150 050:915 JLINK_ReadMem (0xE0001048, 0x0004 Bytes, ...) -- CPU is running -- CPU_ReadMem(4 bytes @ 0xE0001048) - Data: 00 00 00 00  returns 0x00 (0001ms, 0423ms total)
T2150 050:916 JLINK_WriteMem(0xE0001048, 0x0004 Bytes, ...) - Data: 00 01 00 00 -- CPU is running -- CPU_WriteMem(4 bytes @ 0xE0001048)  returns 0x04 (0001ms, 0424ms total)
T2150 050:917 JLINK_ReadMem (0xE0001048, 0x0004 Bytes, ...) -- CPU is running -- CPU_ReadMem(4 bytes @ 0xE0001048) - Data: 00 00 00 00  returns 0x00 (0001ms, 0425ms total)
T2150 050:918 JLINK_ReadMem (0xE0001058, 0x0004 Bytes, ...) -- CPU is running -- CPU_ReadMem(4 bytes @ 0xE0001058) - Data: 00 00 00 00  returns 0x00 (0001ms, 0426ms total)
T2150 050:919 JLINK_WriteMem(0xE0001058, 0x0004 Bytes, ...) - Data: 00 01 00 00 -- CPU is running -- CPU_WriteMem(4 bytes @ 0xE0001058)  returns 0x04 (0001ms, 0427ms total)
T2150 050:920 JLINK_ReadMem (0xE0001058, 0x0004 Bytes, ...) -- CPU is running -- CPU_ReadMem(4 bytes @ 0xE0001058) - Data: 00 00 00 00  returns 0x00 (0001ms, 0428ms total)
T2150 050:921 JLINK_ReadMem (0xE0001024, 0x0004 Bytes, ...) -- CPU is running -- CPU_ReadMem(4 bytes @ 0xE0001024) - Data: 00 00 00 00  returns 0x00 (0001ms, 0429ms total)
T2150 050:922 JLINK_WriteMem(0xE0001024, 0x0004 Bytes, ...) - Data: 1F 00 00 00 -- CPU is running -- CPU_WriteMem(4 bytes @ 0xE0001024)  returns 0x04 (0001ms, 0430ms total)
T2150 050:923 JLINK_ReadMem (0xE0001024, 0x0004 Bytes, ...) -- CPU is running -- CPU_ReadMem(4 bytes @ 0xE0001024) - Data: 0F 00 00 00  returns 0x00 (0001ms, 0431ms total)
T2150 050:924 JLINK_ReadMem (0xE0001034, 0x0004 Bytes, ...) -- CPU is running -- CPU_ReadMem(4 bytes @ 0xE0001034) - Data: 00 00 00 00  returns 0x00 (0001ms, 0432ms total)
T2150 050:925 JLINK_WriteMem(0xE0001034, 0x0004 Bytes, ...) - Data: 1F 00 00 00 -- CPU is running -- CPU_WriteMem(4 bytes @ 0xE0001034)  returns 0x04 (0001ms, 0433ms total)
T2150 050:926 JLINK_ReadMem (0xE0001034, 0x0004 Bytes, ...) -- CPU is running -- CPU_ReadMem(4 bytes @ 0xE0001034) - Data: 0F 00 00 00  returns 0x00 (0001ms, 0434ms total)
T2150 050:927 JLINK_ReadMem (0xE0001044, 0x0004 Bytes, ...) -- CPU is running -- CPU_ReadMem(4 bytes @ 0xE0001044) - Data: 00 00 00 00  returns 0x00 (0001ms, 0435ms total)
T2150 050:928 JLINK_WriteMem(0xE0001044, 0x0004 Bytes, ...) - Data: 1F 00 00 00 -- CPU is running -- CPU_WriteMem(4 bytes @ 0xE0001044)  returns 0x04 (0001ms, 0436ms total)
T2150 050:929 JLINK_ReadMem (0xE0001044, 0x0004 Bytes, ...) -- CPU is running -- CPU_ReadMem(4 bytes @ 0xE0001044) - Data: 0F 00 00 00  returns 0x00 (0001ms, 0437ms total)
T2150 050:930 JLINK_ReadMem (0xE0001054, 0x0004 Bytes, ...) -- CPU is running -- CPU_ReadMem(4 bytes @ 0xE0001054) - Data: 00 00 00 00  returns 0x00 (0001ms, 0438ms total)
T2150 050:931 JLINK_WriteMem(0xE0001054, 0x0004 Bytes, ...) - Data: 1F 00 00 00 -- CPU is running -- CPU_WriteMem(4 bytes @ 0xE0001054)  returns 0x04 (0001ms, 0439ms total)
T2150 050:932 JLINK_ReadMem (0xE0001054, 0x0004 Bytes, ...) -- CPU is running -- CPU_ReadMem(4 bytes @ 0xE0001054) - Data: 0F 00 00 00  returns 0x00 (0001ms, 0440ms total)
T2150 050:933 JLINK_ReadMem (0xE0001028, 0x0004 Bytes, ...) -- CPU is running -- CPU_ReadMem(4 bytes @ 0xE0001028) - Data: 00 00 00 00  returns 0x00 (0001ms, 0441ms total)
T2150 050:934 JLINK_ReadMem (0xE0001038, 0x0004 Bytes, ...) -- CPU is running -- CPU_ReadMem(4 bytes @ 0xE0001038) - Data: 00 03 00 00  returns 0x00 (0001ms, 0442ms total)
T2150 050:935 JLINK_ReadMem (0xE0001048, 0x0004 Bytes, ...) -- CPU is running -- CPU_ReadMem(4 bytes @ 0xE0001048) - Data: 00 00 00 00  returns 0x00 (0001ms, 0443ms total)
T2150 050:936 JLINK_ReadMem (0xE0001058, 0x0004 Bytes, ...) -- CPU is running -- CPU_ReadMem(4 bytes @ 0xE0001058) - Data: 00 00 00 00  returns 0x00 (0001ms, 0444ms total)
T2150 050:937 JLINK_WriteMem(0xE0001020, 0x0004 Bytes, ...) - Data: 00 00 00 00 -- CPU is running -- CPU_WriteMem(4 bytes @ 0xE0001020)  returns 0x04 (0001ms, 0445ms total)
T2150 050:938 JLINK_WriteMem(0xE0001024, 0x0004 Bytes, ...) - Data: 00 00 00 00 -- CPU is running -- CPU_WriteMem(4 bytes @ 0xE0001024)  returns 0x04 (0001ms, 0446ms total)
T2150 050:939 JLINK_WriteMem(0xE0001028, 0x0004 Bytes, ...) - Data: 00 00 00 00 -- CPU is running -- CPU_WriteMem(4 bytes @ 0xE0001028)  returns 0x04 (0001ms, 0447ms total)
T2150 050:940 JLINK_WriteMem(0xE0001030, 0x0004 Bytes, ...) - Data: 00 00 00 00 -- CPU is running -- CPU_WriteMem(4 bytes @ 0xE0001030)  returns 0x04 (0001ms, 0448ms total)
T2150 050:941 JLINK_WriteMem(0xE0001034, 0x0004 Bytes, ...) - Data: 00 00 00 00 -- CPU is running -- CPU_WriteMem(4 bytes @ 0xE0001034)  returns 0x04 (0001ms, 0449ms total)
T2150 050:942 JLINK_WriteMem(0xE0001038, 0x0004 Bytes, ...) - Data: 00 00 00 00 -- CPU is running -- CPU_WriteMem(4 bytes @ 0xE0001038)  returns 0x04 (0001ms, 0450ms total)
T2150 050:943 JLINK_WriteMem(0xE0001040, 0x0004 Bytes, ...) - Data: 00 00 00 00 -- CPU is running -- CPU_WriteMem(4 bytes @ 0xE0001040)  returns 0x04 (0001ms, 0451ms total)
T2150 050:944 JLINK_WriteMem(0xE0001044, 0x0004 Bytes, ...) - Data: 00 00 00 00 -- CPU is running -- CPU_WriteMem(4 bytes @ 0xE0001044)  returns 0x04 (0001ms, 0452ms total)
T2150 050:945 JLINK_WriteMem(0xE0001048, 0x0004 Bytes, ...) - Data: 00 00 00 00 -- CPU is running -- CPU_WriteMem(4 bytes @ 0xE0001048)  returns 0x04 (0001ms, 0453ms total)
T2150 050:946 JLINK_WriteMem(0xE0001050, 0x0004 Bytes, ...) - Data: 00 00 00 00 -- CPU is running -- CPU_WriteMem(4 bytes @ 0xE0001050)  returns 0x04 (0001ms, 0454ms total)
T2150 050:947 JLINK_WriteMem(0xE0001054, 0x0004 Bytes, ...) - Data: 00 00 00 00 -- CPU is running -- CPU_WriteMem(4 bytes @ 0xE0001054)  returns 0x04 (0001ms, 0455ms total)
T2150 050:948 JLINK_WriteMem(0xE0001058, 0x0004 Bytes, ...) - Data: 00 00 00 00 -- CPU is running -- CPU_WriteMem(4 bytes @ 0xE0001058)  returns 0x04 (0001ms, 0456ms total)
T2150 050:949 JLINK_Halt()  returns 0x00 (0008ms, 0464ms total)
T2150 050:958 JLINK_WriteMem(0x400E0A04, 0x0004 Bytes, ...) - Data: 0B 01 00 5A -- CPU_WriteMem(4 bytes @ 0x400E0A04)  returns 0x04 (0000ms, 0464ms total)
T2150 050:958 JLINK_ReadMem (0x400E0A08, 0x0004 Bytes, ...) -- CPU_ReadMem(4 bytes @ 0x400E0A08) - Data: 01 00 00 00  returns 0x00 (0001ms, 0465ms total)
T2150 050:959 JLINK_WriteMem(0x400E0A04, 0x0004 Bytes, ...) - Data: 0C 02 00 5A -- CPU_WriteMem(4 bytes @ 0x400E0A04)  returns 0x04 (0001ms, 0466ms total)
T2150 050:960 JLINK_ReadMem (0x400E0A08, 0x0004 Bytes, ...) -- CPU_ReadMem(4 bytes @ 0x400E0A08) - Data: 01 00 00 00  returns 0x00 (0001ms, 0467ms total)
T2150 050:961 JLINK_Reset() -- CPU_ReadMem(16 bytes @ 0x20000000) -- CPU_WriteMem(16 bytes @ 0x20000000) -- CPU_ReadMem(4 bytes @ 0xE000EDFC) -- CPU_WriteMem(4 bytes @ 0xE000EDFC) -- CPU_ReadMem(4 bytes @ 0xE0001000) -- CPU_WriteMem(4 bytes @ 0xE000EDFC) -- CPU_WriteMem(16 bytes @ 0x20000000) -- CPU_WriteMem(4 bytes @ 0xE0002000) -- CPU_ReadMem(4 bytes @ 0xE000EDFC) -- CPU_ReadMem(4 bytes @ 0xE0001000) (0040ms, 0507ms total)
T2150 051:002 JLINK_JTAG_GetDeviceID(DeviceIndex = 0)  returns 0x4BA00477 (0005ms, 0512ms total)
T2150 051:007 JLINK_ReadMemU32(0x400E0740, 0x0001 Items, ...) -- CPU_ReadMem(4 bytes @ 0x400E0740) - Data: E0 0E A7 29  returns 0x01 (0001ms, 0513ms total)
T2150 051:008 JLINK_ReadMemU32(0x400E0744, 0x0001 Items, ...) -- CPU_ReadMem(4 bytes @ 0x400E0744) - Data: 00 00 00 00  returns 0x01 (0001ms, 0514ms total)
T2150 051:010 JLINK_WriteMem(0x400E0A04, 0x0004 Bytes, ...) - Data: 05 00 00 5A -- CPU_WriteMem(4 bytes @ 0x400E0A04)  returns 0x04 (0000ms, 0514ms total)
T2150 051:010 JLINK_WriteMem(0x400E0C04, 0x0004 Bytes, ...) - Data: 05 00 00 5A -- CPU_WriteMem(4 bytes @ 0x400E0C04)  returns 0x04 (0001ms, 0515ms total)
T2150 051:011 JLINK_ReadMem (0x400E0A08, 0x0004 Bytes, ...) -- CPU_ReadMem(4 bytes @ 0x400E0A08) - Data: 00 00 00 00  returns 0x00 (0001ms, 0516ms total)
T2230 051:012 JLINK_IsHalted()  returns TRUE (0000ms, 0516ms total)
T2230 051:012 JLINK_GetMOEs(...) -- CPU_ReadMem(4 bytes @ 0xE000ED30) -- CPU_WriteMem(4 bytes @ 0xE000ED30)  returns 0x01 (0002ms, 0518ms total)
T2150 051:014 JLINK_ReadMem (0x400E0A08, 0x0004 Bytes, ...) -- CPU_ReadMem(4 bytes @ 0x400E0A08) - Data: 00 00 00 00  returns 0x00 (0001ms, 0519ms total)
T2230 051:015 JLINK_ReadReg(R15 (PC))  returns 0xFFFFFFFE (0001ms, 0520ms total)
T2150 051:019 JLINK_ReadMem (0x400E0A08, 0x0004 Bytes, ...) -- CPU_ReadMem(4 bytes @ 0x400E0A08) - Data: 00 00 00 00  returns 0x00 (0001ms, 0521ms total)
T2150 051:036 JLINK_ReadMem (0x400E0A08, 0x0004 Bytes, ...) -- CPU_ReadMem(4 bytes @ 0x400E0A08) - Data: 00 00 00 00  returns 0x00 (0001ms, 0522ms total)
T2150 051:101 JLINK_ReadMem (0x400E0A08, 0x0004 Bytes, ...) -- CPU_ReadMem(4 bytes @ 0x400E0A08) - Data: 00 00 00 00  returns 0x00 (0001ms, 0523ms total)
T2230 051:216 JLINK_IsHalted()  returns TRUE (0000ms, 0523ms total)
T2150 051:358 JLINK_ReadMem (0x400E0A08, 0x0004 Bytes, ...) -- CPU_ReadMem(4 bytes @ 0x400E0A08) - Data: 00 00 00 00  returns 0x00 (0001ms, 0524ms total)
T2230 051:416 JLINK_IsHalted()  returns TRUE (0000ms, 0524ms total)
T2230 051:616 JLINK_IsHalted()  returns TRUE (0001ms, 0525ms total)
T2230 051:817 JLINK_IsHalted()  returns TRUE (0000ms, 0524ms total)
T2230 052:017 JLINK_IsHalted()  returns TRUE (0001ms, 0525ms total)
T2230 052:218 JLINK_IsHalted()  returns TRUE (0001ms, 0525ms total)
T2150 052:359 JLINK_ReadMem (0x400E0A08, 0x0004 Bytes, ...) -- CPU_ReadMem(4 bytes @ 0x400E0A08) - Data: 00 00 00 00  returns 0x00 (0001ms, 0525ms total)
T2150 052:360 JLINK_ReadMem (0x400E0C08, 0x0004 Bytes, ...) -- CPU_ReadMem(4 bytes @ 0x400E0C08) - Data: 00 00 00 00  returns 0x00 (0001ms, 0526ms total)
T2150 052:362 JLINK_ReadMem (0x400E0C08, 0x0004 Bytes, ...) -- CPU_ReadMem(4 bytes @ 0x400E0C08) - Data: 00 00 00 00  returns 0x00 (0001ms, 0527ms total)
T2150 052:367 JLINK_ReadMem (0x400E0C08, 0x0004 Bytes, ...) -- CPU_ReadMem(4 bytes @ 0x400E0C08) - Data: 00 00 00 00  returns 0x00 (0001ms, 0528ms total)
T2150 052:384 JLINK_ReadMem (0x400E0C08, 0x0004 Bytes, ...) -- CPU_ReadMem(4 bytes @ 0x400E0C08) - Data: 00 00 00 00  returns 0x00 (0001ms, 0529ms total)
T2230 052:419 JLINK_IsHalted()  returns TRUE (0000ms, 0529ms total)
T2150 052:449 JLINK_ReadMem (0x400E0C08, 0x0004 Bytes, ...) -- CPU_ReadMem(4 bytes @ 0x400E0C08) - Data: 00 00 00 00  returns 0x00 (0001ms, 0530ms total)
T2230 052:619 JLINK_IsHalted()  returns TRUE (0000ms, 0530ms total)
T2150 052:706 JLINK_ReadMem (0x400E0C08, 0x0004 Bytes, ...) -- CPU_ReadMem(4 bytes @ 0x400E0C08) - Data: 00 00 00 00  returns 0x00 (0001ms, 0531ms total)
T2230 052:819 JLINK_IsHalted()  returns TRUE (0001ms, 0532ms total)
T2230 053:020 JLINK_IsHalted()  returns TRUE (0001ms, 0532ms total)
T2230 053:221 JLINK_IsHalted()  returns TRUE (0000ms, 0531ms total)
T2230 053:421 JLINK_IsHalted()  returns TRUE (0001ms, 0532ms total)
T2230 053:622 JLINK_IsHalted()  returns TRUE (0000ms, 0531ms total)
T2150 053:707 JLINK_ReadMem (0x400E0C08, 0x0004 Bytes, ...) -- CPU_ReadMem(4 bytes @ 0x400E0C08) - Data: 00 00 00 00  returns 0x00 (0001ms, 0532ms total)
T2150 053:708 JLINK_ReadMem (0x400E0A08, 0x0004 Bytes, ...) -- CPU_ReadMem(4 bytes @ 0x400E0A08) - Data: 00 00 00 00  returns 0x00 (0001ms, 0533ms total)
T2150 053:710 JLINK_ReadMem (0x400E0A08, 0x0004 Bytes, ...) -- CPU_ReadMem(4 bytes @ 0x400E0A08) - Data: 00 00 00 00  returns 0x00 (0001ms, 0534ms total)
T2150 053:715 JLINK_ReadMem (0x400E0A08, 0x0004 Bytes, ...) -- CPU_ReadMem(4 bytes @ 0x400E0A08) - Data: 00 00 00 00  returns 0x00 (0001ms, 0535ms total)
T2150 053:732 JLINK_ReadMem (0x400E0A08, 0x0004 Bytes, ...) -- CPU_ReadMem(4 bytes @ 0x400E0A08) - Data: 00 00 00 00  returns 0x00 (0001ms, 0536ms total)
T2150 053:797 JLINK_ReadMem (0x400E0A08, 0x0004 Bytes, ...) -- CPU_ReadMem(4 bytes @ 0x400E0A08) - Data: 00 00 00 00  returns 0x00 (0001ms, 0537ms total)
T2230 053:822 JLINK_IsHalted()  returns TRUE (0000ms, 0537ms total)
T2230 054:022 JLINK_IsHalted()  returns TRUE (0002ms, 0539ms total)
T2150 054:054 JLINK_ReadMem (0x400E0A08, 0x0004 Bytes, ...) -- CPU_ReadMem(4 bytes @ 0x400E0A08) - Data: 00 00 00 00  returns 0x00 (0001ms, 0538ms total)
T2230 054:224 JLINK_IsHalted()  returns TRUE (0000ms, 0538ms total)
T2230 054:424 JLINK_IsHalted()  returns TRUE (0000ms, 0538ms total)
T2230 054:624 JLINK_IsHalted()  returns TRUE (0001ms, 0539ms total)
T2230 054:825 JLINK_IsHalted()  returns TRUE (0000ms, 0538ms total)
T2230 055:025 JLINK_IsHalted()  returns TRUE (0001ms, 0539ms total)
T2150 055:055 JLINK_ReadMem (0x400E0A08, 0x0004 Bytes, ...) -- CPU_ReadMem(4 bytes @ 0x400E0A08) - Data: 01 00 00 00  returns 0x00 (0001ms, 0539ms total)
T2150 055:056 JLINK_ReadMem (0x400E0C08, 0x0004 Bytes, ...) -- CPU_ReadMem(4 bytes @ 0x400E0C08) - Data: 00 00 00 00  returns 0x00 (0001ms, 0540ms total)
T2150 055:058 JLINK_ReadMem (0x400E0C08, 0x0004 Bytes, ...) -- CPU_ReadMem(4 bytes @ 0x400E0C08) - Data: 00 00 00 00  returns 0x00 (0001ms, 0541ms total)
T2150 055:063 JLINK_ReadMem (0x400E0C08, 0x0004 Bytes, ...) -- CPU_ReadMem(4 bytes @ 0x400E0C08) - Data: 00 00 00 00  returns 0x00 (0001ms, 0542ms total)
T2150 055:080 JLINK_ReadMem (0x400E0C08, 0x0004 Bytes, ...) -- CPU_ReadMem(4 bytes @ 0x400E0C08) - Data: 00 00 00 00  returns 0x00 (0001ms, 0543ms total)
T2150 055:145 JLINK_ReadMem (0x400E0C08, 0x0004 Bytes, ...) -- CPU_ReadMem(4 bytes @ 0x400E0C08) - Data: 00 00 00 00  returns 0x00 (0001ms, 0544ms total)
T2230 055:226 JLINK_IsHalted()  returns TRUE (0001ms, 0545ms total)
T2150 055:402 JLINK_ReadMem (0x400E0C08, 0x0004 Bytes, ...) -- CPU_ReadMem(4 bytes @ 0x400E0C08) - Data: 01 00 00 00  returns 0x00 (0001ms, 0545ms total)
T2230 055:427 JLINK_IsHalted()  returns TRUE (0000ms, 0545ms total)
T2150 055:427 JLINK_ResetPullsRESET(ON) (0000ms, 0545ms total)
T2150 055:427 JLINK_ResetNoHalt() >0x2F8 JTAG>TotalIRLen = 4, IRPrint = 0x01 >0x30 JTAG> >0x210 JTAG> >0x70 JTAG> >0x40 JTAG> >0x40 JTAG> >0x40 JTAG> >0x48 JTAG> >0x78 JTAG> >0x40 JTAG> >0x30 JTAG> >0x40 JTAG> >0x40 JTAG> >0x30 JTAG> >0x40 JTAG> >0x48 JTAG>Found Cortex-M4 r0p1, Little endian. -- CPU_WriteMem(4 bytes @ 0xE0002000) -- CPU_ReadMem(4 bytes @ 0xE000EDF0) -- CPU_ReadMem(4 bytes @ 0xE0002000)FPUnit: 6 code (BP) slots and 2 literal slots -- CPU_ReadMem(4 bytes @ 0xE000EDFC)
 -- CPU_ReadMem(4 bytes @ 0xE0001000) -- CPU_ReadMem(4 bytes @ 0xE000ED88) -- CPU_WriteMem(4 bytes @ 0xE000ED88) -- CPU_ReadMem(4 bytes @ 0xE000ED88) -- CPU_WriteMem(4 bytes @ 0xE000ED88)CoreSight components:ROMTbl 0 @ E00FF000 -- CPU_ReadMem(16 bytes @ 0xE00FF000) -- CPU_ReadMem(16 bytes @ 0xE000EFF0) -- CPU_ReadMem(16 bytes @ 0xE000EFE0)ROMTbl 0 [0]: FFF0F000, CID: B105E00D, PID: 000BB000 SCS -- CPU_WriteMem(4 bytes @ 0xE0001000) -- CPU_ReadMem(16 bytes @ 0xE0001FF0)
 -- CPU_ReadMem(16 bytes @ 0xE0001FE0)ROMTbl 0 [1]: FFF02000, CID: B105E00D, PID: 003BB002 DWT -- CPU_ReadMem(16 bytes @ 0xE0002FF0) -- CPU_ReadMem(16 bytes @ 0xE0002FE0)ROMTbl 0 [2]: FFF03000, CID: B105E00D, PID: 002BB003 FPB -- CPU_ReadMem(16 bytes @ 0xE0000FF0) -- CPU_ReadMem(16 bytes @ 0xE0000FE0)ROMTbl 0 [3]: FFF01000, CID: B105E00D, PID: 003BB001 ITM -- CPU_ReadMem(16 bytes @ 0xE00FF010) -- CPU_ReadMem(16 bytes @ 0xE0040FF0) -- CPU_ReadMem(16 bytes @ 0xE0040FE0)
ROMTbl 0 [4]: FFF41000, CID: B105900D, PID: 000BB9A1 TPIU
                JLINK_Reset() -- CPU_ReadMem(16 bytes @ 0x20000000) -- CPU_WriteMem(16 bytes @ 0x20000000) -- CPU_ReadMem(4 bytes @ 0xE000EDFC) -- CPU_WriteMem(4 bytes @ 0xE000EDFC) -- CPU_ReadMem(4 bytes @ 0xE0001000) -- CPU_WriteMem(4 bytes @ 0xE0001004) -- CPU_WriteMem(4 bytes @ 0xE000EDFC) -- CPU_WriteMem(16 bytes @ 0x20000000) -- CPU_WriteMem(4 bytes @ 0xE0002000) -- CPU_ReadMem(4 bytes @ 0xE000EDFC) -- CPU_ReadMem(4 bytes @ 0xE0001000) (0039ms, 0039ms total)
                JLINK_Go() -- CPU_ReadMem(4 bytes @ 0xE0001000) -- CPU_WriteMem(4 bytes @ 0xE0001004) (0003ms, 0042ms total)
               (0086ms, 0631ms total)
T2150 055:513 JLINK_ExecCommand("ProjectFile = F:\15-DAC\EEN251-master\Codigos\15-DAC\LCD-Desenhos\jlink.config", ...)  returns 0x00 (0001ms, 0632ms total)
T2150 055:521 JLINK_ExecCommand("Device = AT91SAM4SD32C", ...)Device "ATSAM4SD32C" selected.  returns 0x00 (0001ms, 0633ms total)
T2150 055:522 JLINK_TIF_Select(JLINKARM_TIF_JTAG)  returns 0x00 (0000ms, 0633ms total)
T2150 055:522 JLINK_GetIdData(...) ScanLen=4 NumDevices=1 aId[0]=0x4BA00477 aIrRead[0]=0 aScanLen[0]=0 aScanRead[0]=0 (0000ms, 0633ms total)
T2150 055:522 JLINK_ConfigJTAG(IRPre = 0, DRPre = 0) (0000ms, 0633ms total)
T2150 055:522 JLINK_SetSpeed(4000) (0000ms, 0633ms total)
T2150 055:522 JLINK_ResetPullsRESET(OFF) (0000ms, 0633ms total)
T2150 055:522 JLINK_Connect() >0x2F8 JTAG>TotalIRLen = 4, IRPrint = 0x01 >0x30 JTAG> >0x210 JTAG> >0x70 JTAG> >0x40 JTAG> >0x40 JTAG> >0x40 JTAG> >0x48 JTAG> >0x78 JTAG> >0x40 JTAG> >0x30 JTAG> >0x40 JTAG> >0x40 JTAG> >0x30 JTAG> >0x40 JTAG> >0x48 JTAG>Found Cortex-M4 r0p1, Little endian. -- CPU_WriteMem(4 bytes @ 0xE0002000) -- CPU_ReadMem(4 bytes @ 0xE000EDF0) -- CPU_ReadMem(4 bytes @ 0xE0002000)FPUnit: 6 code (BP) slots and 2 literal slots -- CPU_ReadMem(4 bytes @ 0xE000EDFC)
 -- CPU_ReadMem(4 bytes @ 0xE0001000) -- CPU_WriteMem(4 bytes @ 0xE0001000) -- CPU_ReadMem(4 bytes @ 0xE000ED88) -- CPU_WriteMem(4 bytes @ 0xE000ED88) -- CPU_ReadMem(4 bytes @ 0xE000ED88) -- CPU_WriteMem(4 bytes @ 0xE000ED88)CoreSight components:ROMTbl 0 @ E00FF000 -- CPU_ReadMem(16 bytes @ 0xE00FF000) -- CPU_ReadMem(16 bytes @ 0xE000EFF0) -- CPU_ReadMem(16 bytes @ 0xE000EFE0)ROMTbl 0 [0]: FFF0F000, CID: B105E00D, PID: 000BB000 SCS -- CPU_ReadMem(16 bytes @ 0xE0001FF0)
 -- CPU_ReadMem(16 bytes @ 0xE0001FE0)ROMTbl 0 [1]: FFF02000, CID: B105E00D, PID: 003BB002 DWT -- CPU_ReadMem(16 bytes @ 0xE0002FF0) -- CPU_ReadMem(16 bytes @ 0xE0002FE0)ROMTbl 0 [2]: FFF03000, CID: B105E00D, PID: 002BB003 FPB -- CPU_ReadMem(16 bytes @ 0xE0000FF0) -- CPU_ReadMem(16 bytes @ 0xE0000FE0)ROMTbl 0 [3]: FFF01000, CID: B105E00D, PID: 003BB001 ITM -- CPU_ReadMem(16 bytes @ 0xE00FF010) -- CPU_ReadMem(16 bytes @ 0xE0040FF0) -- CPU_ReadMem(16 bytes @ 0xE0040FE0)
ROMTbl 0 [4]: FFF41000, CID: B105900D, PID: 000BB9A1 TPIU  returns 0x00 (0041ms, 0674ms total)
T2150 055:563 JLINK_WriteMem(0xE0001020, 0x0004 Bytes, ...) - Data: 00 00 00 00 -- CPU is running -- CPU_WriteMem(4 bytes @ 0xE0001020)  returns 0x04 (0002ms, 0676ms total)
T2150 055:565 JLINK_WriteMem(0xE0001024, 0x0004 Bytes, ...) - Data: 00 00 00 00 -- CPU is running -- CPU_WriteMem(4 bytes @ 0xE0001024)  returns 0x04 (0001ms, 0677ms total)
T2150 055:566 JLINK_WriteMem(0xE0001028, 0x0004 Bytes, ...) - Data: 00 00 00 00 -- CPU is running -- CPU_WriteMem(4 bytes @ 0xE0001028)  returns 0x04 (0001ms, 0678ms total)
T2150 055:567 JLINK_WriteMem(0xE0001030, 0x0004 Bytes, ...) - Data: 00 00 00 00 -- CPU is running -- CPU_WriteMem(4 bytes @ 0xE0001030)  returns 0x04 (0001ms, 0679ms total)
T2150 055:568 JLINK_WriteMem(0xE0001034, 0x0004 Bytes, ...) - Data: 00 00 00 00 -- CPU is running -- CPU_WriteMem(4 bytes @ 0xE0001034)  returns 0x04 (0001ms, 0680ms total)
T2150 055:569 JLINK_WriteMem(0xE0001038, 0x0004 Bytes, ...) - Data: 00 00 00 00 -- CPU is running -- CPU_WriteMem(4 bytes @ 0xE0001038)  returns 0x04 (0001ms, 0681ms total)
T2150 055:570 JLINK_WriteMem(0xE0001040, 0x0004 Bytes, ...) - Data: 00 00 00 00 -- CPU is running -- CPU_WriteMem(4 bytes @ 0xE0001040)  returns 0x04 (0001ms, 0682ms total)
T2150 055:571 JLINK_WriteMem(0xE0001044, 0x0004 Bytes, ...) - Data: 00 00 00 00 -- CPU is running -- CPU_WriteMem(4 bytes @ 0xE0001044)  returns 0x04 (0001ms, 0683ms total)
T2150 055:572 JLINK_WriteMem(0xE0001048, 0x0004 Bytes, ...) - Data: 00 00 00 00 -- CPU is running -- CPU_WriteMem(4 bytes @ 0xE0001048)  returns 0x04 (0001ms, 0684ms total)
T2150 055:573 JLINK_WriteMem(0xE0001050, 0x0004 Bytes, ...) - Data: 00 00 00 00 -- CPU is running -- CPU_WriteMem(4 bytes @ 0xE0001050)  returns 0x04 (0001ms, 0685ms total)
T2150 055:574 JLINK_WriteMem(0xE0001054, 0x0004 Bytes, ...) - Data: 00 00 00 00 -- CPU is running -- CPU_WriteMem(4 bytes @ 0xE0001054)  returns 0x04 (0001ms, 0686ms total)
T2150 055:575 JLINK_WriteMem(0xE0001058, 0x0004 Bytes, ...) - Data: 00 00 00 00 -- CPU is running -- CPU_WriteMem(4 bytes @ 0xE0001058)  returns 0x04 (0001ms, 0687ms total)
T2150 055:576 JLINK_Halt()  returns 0x00 (0004ms, 0691ms total)
T2150 055:580 JLINK_WriteMem(0x400E0A04, 0x0004 Bytes, ...) - Data: 0B 01 00 5A -- CPU_WriteMem(4 bytes @ 0x400E0A04)  returns 0x04 (0001ms, 0692ms total)
T2150 055:581 JLINK_ReadMem (0x400E0A08, 0x0004 Bytes, ...) -- CPU_ReadMem(4 bytes @ 0x400E0A08) - Data: 01 00 00 00  returns 0x00 (0001ms, 0693ms total)
T2150 055:582 JLINK_WriteMem(0x400E0A04, 0x0004 Bytes, ...) - Data: 0C 02 00 5A -- CPU_WriteMem(4 bytes @ 0x400E0A04)  returns 0x04 (0001ms, 0694ms total)
T2150 055:583 JLINK_ReadMem (0x400E0A08, 0x0004 Bytes, ...) -- CPU_ReadMem(4 bytes @ 0x400E0A08) - Data: 01 00 00 00  returns 0x00 (0001ms, 0695ms total)
T2150 055:584 JLINK_Reset() -- CPU_ReadMem(16 bytes @ 0x20000000) -- CPU_WriteMem(16 bytes @ 0x20000000) -- CPU_ReadMem(4 bytes @ 0xE000EDFC) -- CPU_WriteMem(4 bytes @ 0xE000EDFC) -- CPU_ReadMem(4 bytes @ 0xE0001000) -- CPU_WriteMem(4 bytes @ 0xE000EDFC) -- CPU_WriteMem(16 bytes @ 0x20000000) -- CPU_WriteMem(4 bytes @ 0xE0002000) -- CPU_ReadMem(4 bytes @ 0xE000EDFC) -- CPU_ReadMem(4 bytes @ 0xE0001000) (0029ms, 0724ms total)
T2150 055:614 JLINK_JTAG_GetDeviceID(DeviceIndex = 0)  returns 0x4BA00477 (0000ms, 0724ms total)
T2150 055:614 JLINK_ReadMemU32(0x400E0740, 0x0001 Items, ...) -- CPU_ReadMem(4 bytes @ 0x400E0740) - Data: E0 0E A7 29  returns 0x01 (0001ms, 0725ms total)
T2150 055:615 JLINK_ReadMemU32(0x400E0744, 0x0001 Items, ...) -- CPU_ReadMem(4 bytes @ 0x400E0744) - Data: 00 00 00 00  returns 0x01 (0001ms, 0726ms total)
T2150 055:620 JLINK_BeginDownload(Flags = 0x00) (0000ms, 0726ms total)
T2150 055:620 JLINK_WriteMem(0x00400000, 0x4000 Bytes, ...) - Data: A0 38 00 20 B9 0F 40 00 B5 0F 40 00 B5 0F 40 00 ...  returns 0x4000 (0000ms, 0726ms total)
T2150 055:620 JLINK_WriteMem(0x00404000, 0x14BFC Bytes, ...) - Data: 87 45 00 00 87 45 00 00 87 45 00 00 87 45 00 00 ...  returns 0x14BFC (0000ms, 0726ms total)
T2150 055:621 JLINK_WriteMem(0x00418BFC, 0x0438 Bytes, ...) - Data: F0 00 00 00 40 01 00 00 00 09 3D 00 00 00 00 00 ...  returns 0x438 (0000ms, 0726ms total)
T2124 055:624 JLINK_IsHalted()  returns TRUE (0000ms, 0726ms total)
T2124 055:624 JLINK_GetMOEs(...) -- CPU_ReadMem(4 bytes @ 0xE000ED30) -- CPU_WriteMem(4 bytes @ 0xE000ED30)  returns 0x01 (0002ms, 0728ms total)
T2124 055:626 JLINK_ReadReg(R15 (PC)) -- -------------------------------------- -- Start of determining dirty areas in flash cache -- End of determining dirty areas -- Start of preparing flash programming -- Calculating RAM usage -- RAM usage = 5956 Bytes -- Preserving registers -- Preparing memory -- Determining CPU clock frequency -- CPU clock frequency: 4148 kHz -- CPU frequency = 4148 kHz -- Preparing target -- Downloading RAMCode -- Using alternate TurboMode RAMCode -- Checking target RAM
 -- Preparing RAMCode -- End of preparing flash programmingCPU is running at low speed (4148 kHz). -- CPU is running at 4148 kHz. -- Start of comparing flash -- Read back was estimated as fastest method -- Comparing range 0x400000 - 0x403FFF (32 Sectors, 16 KB), using multi-block CRC calculation -- CPU is running -- CPU_ReadMem(512 bytes @ 0x00400000) -- CPU is running -- CPU_ReadMem(512 bytes @ 0x00400200) -- CPU is running -- CPU_ReadMem(512 bytes @ 0x00400400) -- CPU is running
 -- CPU_ReadMem(512 bytes @ 0x00400600) -- CPU is running -- CPU_ReadMem(512 bytes @ 0x00400800) -- CPU is running -- CPU_ReadMem(512 bytes @ 0x00400A00) -- CPU is running -- CPU_ReadMem(512 bytes @ 0x00400C00) -- CPU is running -- CPU_ReadMem(512 bytes @ 0x00400E00) -- CPU is running -- CPU_ReadMem(512 bytes @ 0x00401000) -- CPU is running -- CPU_ReadMem(512 bytes @ 0x00401200) -- CPU is running -- CPU_ReadMem(512 bytes @ 0x00401400) -- CPU is running -- CPU_ReadMem(512 bytes @ 0x00401600)
 -- CPU is running -- CPU_ReadMem(512 bytes @ 0x00401800) -- CPU is running -- CPU_ReadMem(512 bytes @ 0x00401A00) -- CPU is running -- CPU_ReadMem(512 bytes @ 0x00401C00) -- CPU is running -- CPU_ReadMem(512 bytes @ 0x00401E00) -- CPU is running -- CPU_ReadMem(512 bytes @ 0x00402000) -- CPU is running -- CPU_ReadMem(512 bytes @ 0x00402200) -- CPU is running -- CPU_ReadMem(512 bytes @ 0x00402400) -- CPU is running -- CPU_ReadMem(512 bytes @ 0x00402600) -- CPU is running
 -- CPU_ReadMem(512 bytes @ 0x00402800) -- CPU is running -- CPU_ReadMem(512 bytes @ 0x00402A00) -- CPU is running -- CPU_ReadMem(512 bytes @ 0x00402C00) -- CPU is running -- CPU_ReadMem(512 bytes @ 0x00402E00) -- CPU is running -- CPU_ReadMem(512 bytes @ 0x00403000) -- CPU is running -- CPU_ReadMem(512 bytes @ 0x00403200) -- CPU is running -- CPU_ReadMem(512 bytes @ 0x00403400) -- CPU is running -- CPU_ReadMem(512 bytes @ 0x00403600) -- CPU is running -- CPU_ReadMem(512 bytes @ 0x00403800)
 -- CPU is running -- CPU_ReadMem(512 bytes @ 0x00403A00) -- CPU is running -- CPU_ReadMem(512 bytes @ 0x00403C00) -- CPU is running -- CPU_ReadMem(512 bytes @ 0x00403E00) -- CRC does not match for sectors 0-31 -- Comparing range 0x404000 - 0x413FFF (16 Sectors, 64 KB), using multi-block CRC calculation -- CPU is running -- CPU_ReadMem(4096 bytes @ 0x00404000) -- CPU is running -- CPU_ReadMem(4096 bytes @ 0x00405000) -- CPU is running -- CPU_ReadMem(4096 bytes @ 0x00406000) -- CPU is running
 -- CPU_ReadMem(4096 bytes @ 0x00407000) -- CPU is running -- CPU_ReadMem(4096 bytes @ 0x00408000) -- CPU is running -- CPU_ReadMem(4096 bytes @ 0x00409000) -- CPU is running -- CPU_ReadMem(4096 bytes @ 0x0040A000) -- CPU is running -- CPU_ReadMem(4096 bytes @ 0x0040B000) -- CPU is running -- CPU_ReadMem(4096 bytes @ 0x0040C000) -- CPU is running -- CPU_ReadMem(4096 bytes @ 0x0040D000) -- CPU is running -- CPU_ReadMem(4096 bytes @ 0x0040E000) -- CPU is running -- CPU_ReadMem(4096 bytes @ 0x0040F000)
 -- CPU is running -- CPU_ReadMem(4096 bytes @ 0x00410000) -- CPU is running -- CPU_ReadMem(4096 bytes @ 0x00411000) -- CPU is running -- CPU_ReadMem(4096 bytes @ 0x00412000) -- CPU is running -- CPU_ReadMem(4096 bytes @ 0x00413000) -- CRC does not match for sectors 0-15 -- Comparing range 0x414000 - 0x419FFF (6 Sectors, 24 KB), using multi-block CRC calculation -- CPU is running -- CPU_ReadMem(4096 bytes @ 0x00414000) -- CPU is running -- CPU_ReadMem(4096 bytes @ 0x00415000) -- CPU is running
 -- CPU_ReadMem(4096 bytes @ 0x00416000) -- CPU is running -- CPU_ReadMem(4096 bytes @ 0x00417000) -- CPU is running -- CPU_ReadMem(4096 bytes @ 0x00418000) -- CPU is running -- CPU_ReadMem(4096 bytes @ 0x00419000) -- CRC does not match for sectors 0-5 -- End of comparing flash -- Start of erasing sectors -- End of erasing sectors -- Start of flash programming -- Programming range 0x00400000 - 0x00403FFF (032 Sectors, 16 KB) -- Programming range 0x00404000 - 0x00407FFF (004 Sectors, 16 KB)
 -- Programming range 0x00408000 - 0x0040BFFF (004 Sectors, 16 KB) -- Programming range 0x0040C000 - 0x0040FFFF (004 Sectors, 16 KB) -- Programming range 0x00410000 - 0x00413FFF (004 Sectors, 16 KB) -- Programming range 0x00414000 - 0x00417FFF (004 Sectors, 16 KB) -- Programming range 0x00418000 - 0x00419FFF (002 Sectors, 8 KB) -- End of flash programming -- Flash programming performed for 2 ranges (106496 bytes) -- 0x400000 - 0x403FFF (032 Sectors, 16 KB) -- 0x404000 - 0x419FFF (022 Sectors, 88 KB)
 -- Start of verifying flash -- Checksum calculation was estimated as fastest method -- Checksum calculation was estimated as fastest method -- End of verifying flash -- Start of restoring -- Restore RAMCode -- Restore content of target memory -- Restore target -- Restore memory -- Restore content of registers -- End of restoring -- Total time needed: 1.868s (Prepare: 0.097s, Compare: 0.696s, Erase: 0.000s, Program: 1.002s, Verify: 0.066s, Restore: 0.006s)  returns 0xFFFFFFFE (1871ms, 2599ms total)
T1310 057:552 JLINK_Halt()  returns 0x00 (0001ms, 2600ms total)
T1310 057:553 JLINK_ReadReg(R15 (PC))  returns 0xFFFFFFFE (0000ms, 2600ms total)
T1310 057:553 JLINK_ReadReg(R13 (SP))  returns 0xFFFFFFFC (0000ms, 2600ms total)
T1310 057:582 JLINK_ReadReg(R0)  returns 0x400E1400 (0000ms, 2600ms total)
T1310 057:582 JLINK_ReadReg(R1)  returns 0x40C00000 (0000ms, 2600ms total)
T1310 057:582 JLINK_ReadReg(R2)  returns 0xA5000005 (0000ms, 2600ms total)
T1310 057:582 JLINK_ReadReg(R3)  returns 0x00000000 (0000ms, 2600ms total)
T1310 057:582 JLINK_ReadReg(R4)  returns 0x004005D1 (0000ms, 2600ms total)
T1310 057:582 JLINK_ReadReg(R5)  returns 0x20000CE0 (0000ms, 2600ms total)
T1310 057:582 JLINK_ReadReg(R6)  returns 0x00400A11 (0000ms, 2600ms total)
T1310 057:582 JLINK_ReadReg(R7)  returns 0x00000037 (0000ms, 2600ms total)
T1310 057:582 JLINK_ReadReg(R8)  returns 0x00000030 (0000ms, 2600ms total)
T1310 057:582 JLINK_ReadReg(R9)  returns 0x0040098D (0000ms, 2600ms total)
T1310 057:582 JLINK_ReadReg(R10)  returns 0x0000002F (0000ms, 2600ms total)
T1310 057:582 JLINK_ReadReg(R11)  returns 0x00000028 (0000ms, 2600ms total)
T1310 057:582 JLINK_ReadReg(R12)  returns 0x00000000 (0000ms, 2600ms total)
T1310 057:582 JLINK_ReadReg(R13 (SP))  returns 0xFFFFFFFC (0000ms, 2600ms total)
T1310 057:582 JLINK_ReadReg(R14)  returns 0xFFFFFFFF (0000ms, 2600ms total)
T1310 057:582 JLINK_ReadReg(R15 (PC))  returns 0xFFFFFFFE (0000ms, 2600ms total)
T1310 057:582 JLINK_ReadReg(XPSR)  returns 0x01000000 (0000ms, 2600ms total)
T1310 057:582 JLINK_ReadReg(MSP)  returns 0xFFFFFFFC (0000ms, 2600ms total)
T1310 057:582 JLINK_ReadReg(PSP)  returns 0x9A50275C (0000ms, 2600ms total)
T1310 057:582 JLINK_ReadReg(PRIMASK)  returns 0x00000000 (0000ms, 2600ms total)
T1310 057:582 JLINK_ReadReg(BASEPRI)  returns 0x00000000 (0000ms, 2600ms total)
T1310 057:582 JLINK_ReadReg(FAULTMASK)  returns 0x00000000 (0000ms, 2600ms total)
T1310 057:582 JLINK_ReadReg(CONTROL)  returns 0x00000000 (0000ms, 2600ms total)
T1310 057:603 JLINK_EndDownload()  returns 0x00 (0000ms, 2600ms total)
T1310 057:603 JLINK_Reset() -- CPU_ReadMem(16 bytes @ 0x20000000) -- CPU_WriteMem(16 bytes @ 0x20000000) -- CPU_ReadMem(4 bytes @ 0xE000EDFC) -- CPU_WriteMem(4 bytes @ 0xE000EDFC) -- CPU_ReadMem(4 bytes @ 0xE0001000) -- CPU_WriteMem(4 bytes @ 0xE000EDFC) -- CPU_WriteMem(16 bytes @ 0x20000000) -- CPU_WriteMem(4 bytes @ 0xE0002000) -- CPU_ReadMem(4 bytes @ 0xE000EDFC) -- CPU_ReadMem(4 bytes @ 0xE0001000) (0030ms, 2630ms total)
T2124 057:633 JLINK_IsHalted()  returns TRUE (0000ms, 2630ms total)
T2124 057:633 JLINK_GetMOEs(...) -- CPU_ReadMem(4 bytes @ 0xE000ED30) -- CPU_WriteMem(4 bytes @ 0xE000ED30)  returns 0x01 (0002ms, 2632ms total)
T2124 057:635 JLINK_ReadReg(R15 (PC))  returns 0x00400FB8 (0000ms, 2632ms total)
T1310 057:643 JLINK_ReadReg(R15 (PC))  returns 0x00400FB8 (0000ms, 2632ms total)
T1310 057:643 JLINK_ReadReg(R13 (SP))  returns 0x200038A0 (0000ms, 2632ms total)
T1310 057:650 JLINK_ReadMemHW(0x00400FB8, 0x0004 Bytes, ...) -- CPU_ReadMem(4 bytes @ 0x00400FB8) - Data: 08 B5 20 4B  returns 0x00 (0002ms, 2634ms total)
T1310 057:684 JLINK_ReadMemHW(0x0040130C, 0x0001 Bytes, ...) -- CPU_ReadMem(1 bytes @ 0x0040130C) - Data: 00  returns 0x00 (0001ms, 2635ms total)
T1310 057:735 JLINK_ReadReg(R15 (PC))  returns 0x00400FB8 (0000ms, 2635ms total)
T1310 057:735 JLINK_GetNumBPUnits(Type = 0xFFFFFF02)  returns 0x06 (0000ms, 2635ms total)
T1310 057:735 JLINK_SetBPEx(Addr = 0x0040130C, Type = 0xFFFFFF02)  returns 0x00000001 (0000ms, 2635ms total)
T1310 057:735 JLINK_GetBPInfo(BPHandle = 1)  returns 0x00 (0000ms, 2635ms total)
T1310 057:735 JLINK_Go() -- CPU_ReadMem(4 bytes @ 0xE0001000) -- CPU_WriteMem(4 bytes @ 0xE0002008) -- CPU_WriteMem(4 bytes @ 0xE000200C) -- CPU_WriteMem(4 bytes @ 0xE0002010) -- CPU_WriteMem(4 bytes @ 0xE0002014) -- CPU_WriteMem(4 bytes @ 0xE0002018) -- CPU_WriteMem(4 bytes @ 0xE000201C) -- CPU_WriteMem(4 bytes @ 0xE0001004) (0009ms, 2644ms total)
T2124 057:744 JLINK_IsHalted()  returns TRUE (0004ms, 2648ms total)
T2124 057:748 JLINK_GetMOEs(...) -- CPU_ReadMem(4 bytes @ 0xE000ED30) -- CPU_WriteMem(4 bytes @ 0xE000ED30)  returns 0x01 (0002ms, 2646ms total)
T2124 057:750 JLINK_ReadReg(R15 (PC))  returns 0x0040130C (0000ms, 2646ms total)
T2124 057:750 JLINK_GetBPInfo(BPHandle = 1)  returns 0x00 (0000ms, 2646ms total)
T2124 057:750 JLINK_ClrBPEx(BPHandle = 0x00000001)  returns 0x00 (0000ms, 2646ms total)
T1310 057:754 JLINK_ReadReg(R15 (PC))  returns 0x0040130C (0000ms, 2646ms total)
T1310 057:754 JLINK_ReadReg(R13 (SP))  returns 0x20003898 (0000ms, 2646ms total)
T1310 057:754 JLINK_ReadMemHW(0x0040130C, 0x0004 Bytes, ...) -- CPU_ReadMem(4 bytes @ 0x0040130C) - Data: 00 B5 83 B0  returns 0x00 (0001ms, 2647ms total)
T1310 057:767 JLINK_ReadReg(R15 (PC))  returns 0x0040130C (0000ms, 2647ms total)
T1310 057:767 JLINK_Go() -- CPU_ReadMem(4 bytes @ 0xE0001000) -- CPU_WriteMem(4 bytes @ 0xE0002008) (0003ms, 2650ms total)
T2124 057:770 JLINK_IsHalted()  returns FALSE (0001ms, 2651ms total)
T2124 057:811 JLINK_IsHalted()  returns FALSE (0001ms, 2651ms total)
T2124 057:972 JLINK_IsHalted()  returns FALSE (0001ms, 2651ms total)
T2124 058:613 JLINK_IsHalted()  returns FALSE (0002ms, 2652ms total)
T2124 059:255 JLINK_IsHalted()  returns FALSE (0001ms, 2651ms total)
T2124 059:896 JLINK_IsHalted()  returns FALSE (0002ms, 2652ms total)
T2124 060:538 JLINK_IsHalted()  returns FALSE (0001ms, 2651ms total)
T2124 061:179 JLINK_IsHalted()  returns FALSE (0002ms, 2652ms total)
T2124 061:821 JLINK_IsHalted()  returns FALSE (0001ms, 2651ms total)
T2124 062:462 JLINK_IsHalted()  returns FALSE (0002ms, 2652ms total)
T2124 063:105 JLINK_IsHalted()  returns FALSE (0001ms, 2651ms total)
T2124 063:746 JLINK_IsHalted()  returns FALSE (0002ms, 2652ms total)
T2124 064:388 JLINK_IsHalted()  returns FALSE (0001ms, 2651ms total)
T2124 065:029 JLINK_IsHalted()  returns FALSE (0002ms, 2652ms total)
T2124 065:671 JLINK_IsHalted()  returns FALSE (0001ms, 2651ms total)
T2124 066:312 JLINK_IsHalted()  returns FALSE (0002ms, 2652ms total)
T2124 066:954 JLINK_IsHalted()  returns FALSE (0001ms, 2651ms total)
T2124 067:595 JLINK_IsHalted()  returns FALSE (0002ms, 2652ms total)
T2124 068:237 JLINK_IsHalted()  returns FALSE (0001ms, 2651ms total)
T2124 068:878 JLINK_IsHalted()  returns FALSE (0002ms, 2652ms total)
T2124 069:520 JLINK_IsHalted()  returns FALSE (0001ms, 2651ms total)
T2124 070:161 JLINK_IsHalted()  returns FALSE (0002ms, 2652ms total)
T2124 070:803 JLINK_IsHalted()  returns FALSE (0001ms, 2651ms total)
T2124 071:444 JLINK_IsHalted()  returns FALSE (0002ms, 2652ms total)
T2124 072:086 JLINK_IsHalted()  returns FALSE (0001ms, 2651ms total)
T2124 072:727 JLINK_IsHalted()  returns FALSE (0002ms, 2652ms total)
T2124 073:369 JLINK_IsHalted()  returns FALSE (0001ms, 2651ms total)
T2124 074:013 JLINK_IsHalted()  returns FALSE (0002ms, 2652ms total)
T2124 074:655 JLINK_IsHalted()  returns FALSE (0001ms, 2651ms total)
T2124 075:296 JLINK_IsHalted()  returns FALSE (0002ms, 2652ms total)
T2124 075:938 JLINK_IsHalted()  returns FALSE (0001ms, 2651ms total)
T2124 076:579 JLINK_IsHalted()  returns FALSE (0002ms, 2652ms total)
T2124 077:221 JLINK_IsHalted()  returns FALSE (0001ms, 2651ms total)
T2124 077:862 JLINK_IsHalted()  returns FALSE (0002ms, 2652ms total)
T2124 078:504 JLINK_IsHalted()  returns FALSE (0001ms, 2651ms total)
T2124 079:145 JLINK_IsHalted()  returns FALSE (0003ms, 2653ms total)
T2124 079:788 JLINK_IsHalted()  returns FALSE (0001ms, 2651ms total)
T2124 080:430 JLINK_IsHalted()  returns FALSE (0002ms, 2652ms total)
T2124 081:072 JLINK_IsHalted()  returns FALSE (0001ms, 2651ms total)
T2124 081:713 JLINK_IsHalted()  returns FALSE (0002ms, 2652ms total)
T2124 082:355 JLINK_IsHalted()  returns FALSE (0001ms, 2651ms total)
T2124 082:996 JLINK_IsHalted()  returns FALSE (0002ms, 2652ms total)
T2124 083:638 JLINK_IsHalted()  returns FALSE (0001ms, 2651ms total)
T2124 084:279 JLINK_IsHalted()  returns FALSE (0002ms, 2652ms total)
T2124 084:921 JLINK_IsHalted()  returns FALSE (0001ms, 2651ms total)
T2124 085:562 JLINK_IsHalted()  returns FALSE (0002ms, 2652ms total)
T2124 086:204 JLINK_IsHalted()  returns FALSE (0001ms, 2651ms total)
T2124 086:845 JLINK_IsHalted()  returns FALSE (0002ms, 2652ms total)
T2124 087:487 JLINK_IsHalted()  returns FALSE (0001ms, 2651ms total)
T2124 088:128 JLINK_IsHalted()  returns FALSE (0002ms, 2652ms total)
T2124 088:770 JLINK_IsHalted()  returns FALSE (0001ms, 2651ms total)
T2124 089:411 JLINK_IsHalted()  returns FALSE (0002ms, 2652ms total)
T2124 090:053 JLINK_IsHalted()  returns FALSE (0001ms, 2651ms total)
T2124 090:694 JLINK_IsHalted()  returns FALSE (0002ms, 2652ms total)
T2124 091:336 JLINK_IsHalted()  returns FALSE (0001ms, 2651ms total)
T2124 091:977 JLINK_IsHalted()  returns FALSE (0002ms, 2652ms total)
T2124 092:619 JLINK_IsHalted()  returns FALSE (0001ms, 2651ms total)
T2124 093:260 JLINK_IsHalted()  returns FALSE (0002ms, 2652ms total)
T2124 093:902 JLINK_IsHalted()  returns FALSE (0001ms, 2651ms total)
T2124 094:543 JLINK_IsHalted()  returns FALSE (0002ms, 2652ms total)
T2124 095:185 JLINK_IsHalted()  returns FALSE (0001ms, 2651ms total)
T2124 095:826 JLINK_IsHalted()  returns FALSE (0003ms, 2653ms total)
T2124 096:469 JLINK_IsHalted()  returns FALSE (0001ms, 2651ms total)
T2124 097:110 JLINK_IsHalted()  returns FALSE (0002ms, 2652ms total)
T2124 097:753 JLINK_IsHalted()  returns FALSE (0001ms, 2651ms total)
T2124 098:394 JLINK_IsHalted()  returns FALSE (0002ms, 2652ms total)
T2124 099:036 JLINK_IsHalted()  returns FALSE (0001ms, 2651ms total)
T2124 099:677 JLINK_IsHalted()  returns FALSE (0002ms, 2652ms total)
T2124 100:319 JLINK_IsHalted()  returns FALSE (0001ms, 2651ms total)
T2124 100:960 JLINK_IsHalted()  returns FALSE (0002ms, 2652ms total)
T2124 101:602 JLINK_IsHalted()  returns FALSE (0001ms, 2651ms total)
T2124 102:243 JLINK_IsHalted()  returns FALSE (0002ms, 2652ms total)
T2124 102:885 JLINK_IsHalted()  returns FALSE (0001ms, 2651ms total)
T2124 103:526 JLINK_IsHalted()  returns FALSE (0002ms, 2652ms total)
T2124 104:168 JLINK_IsHalted()  returns FALSE (0001ms, 2651ms total)
T2124 104:809 JLINK_IsHalted()  returns FALSE (0002ms, 2652ms total)
T2124 105:451 JLINK_IsHalted()  returns FALSE (0001ms, 2651ms total)
T2124 106:092 JLINK_IsHalted()  returns FALSE (0002ms, 2652ms total)
T2124 106:734 JLINK_IsHalted()  returns FALSE (0001ms, 2651ms total)
T2124 107:375 JLINK_IsHalted()  returns FALSE (0002ms, 2652ms total)
T2124 108:017 JLINK_IsHalted()  returns FALSE (0001ms, 2651ms total)
T2124 108:658 JLINK_IsHalted()  returns FALSE (0002ms, 2652ms total)
T2124 109:300 JLINK_IsHalted()  returns FALSE (0001ms, 2651ms total)
T2124 109:941 JLINK_IsHalted()  returns FALSE (0002ms, 2652ms total)
T2124 110:583 JLINK_IsHalted()  returns FALSE (0001ms, 2651ms total)
T2124 111:224 JLINK_IsHalted()  returns FALSE (0002ms, 2652ms total)
T2124 111:866 JLINK_IsHalted()  returns FALSE (0001ms, 2651ms total)
T2124 112:507 JLINK_IsHalted()  returns FALSE (0002ms, 2652ms total)
T2124 113:149 JLINK_IsHalted()  returns FALSE (0001ms, 2651ms total)
T2124 113:790 JLINK_IsHalted()  returns FALSE (0002ms, 2652ms total)
T2124 114:432 JLINK_IsHalted()  returns FALSE (0001ms, 2651ms total)
T2124 115:074 JLINK_IsHalted()  returns FALSE (0002ms, 2652ms total)
T2124 115:716 JLINK_IsHalted()  returns FALSE (0001ms, 2651ms total)
T2124 116:357 JLINK_IsHalted()  returns FALSE (0002ms, 2652ms total)
T2124 116:999 JLINK_IsHalted()  returns FALSE (0001ms, 2651ms total)
T2124 117:640 JLINK_IsHalted()  returns FALSE (0002ms, 2652ms total)
T2124 118:282 JLINK_IsHalted()  returns FALSE (0001ms, 2651ms total)
T2124 118:923 JLINK_IsHalted()  returns FALSE (0002ms, 2652ms total)
T2124 119:565 JLINK_IsHalted()  returns FALSE (0001ms, 2651ms total)
T2124 120:206 JLINK_IsHalted()  returns FALSE (0002ms, 2652ms total)
T2124 120:848 JLINK_IsHalted()  returns FALSE (0001ms, 2651ms total)
T2124 121:489 JLINK_IsHalted()  returns FALSE (0002ms, 2652ms total)
T2124 122:131 JLINK_IsHalted()  returns FALSE (0001ms, 2651ms total)
T2124 122:772 JLINK_IsHalted()  returns FALSE (0002ms, 2652ms total)
T2124 123:414 JLINK_IsHalted()  returns FALSE (0001ms, 2651ms total)
T2124 124:055 JLINK_IsHalted()  returns FALSE (0002ms, 2652ms total)
T2124 124:697 JLINK_IsHalted()  returns FALSE (0001ms, 2651ms total)
T2124 125:338 JLINK_IsHalted()  returns FALSE (0002ms, 2652ms total)
T2124 125:980 JLINK_IsHalted()  returns FALSE (0001ms, 2651ms total)
T2124 126:621 JLINK_IsHalted()  returns FALSE (0002ms, 2652ms total)
T2124 127:263 JLINK_IsHalted()  returns FALSE (0001ms, 2651ms total)
T2124 127:904 JLINK_IsHalted()  returns FALSE (0002ms, 2652ms total)
T2124 128:546 JLINK_IsHalted()  returns FALSE (0001ms, 2651ms total)
T2124 129:187 JLINK_IsHalted()  returns FALSE (0002ms, 2652ms total)
T2124 129:829 JLINK_IsHalted()  returns FALSE (0001ms, 2651ms total)
T2124 130:470 JLINK_IsHalted()  returns FALSE (0002ms, 2652ms total)
T2124 131:112 JLINK_IsHalted()  returns FALSE (0001ms, 2651ms total)
T2124 131:753 JLINK_IsHalted()  returns FALSE (0002ms, 2652ms total)
T2124 132:395 JLINK_IsHalted()  returns FALSE (0001ms, 2651ms total)
T2124 133:037 JLINK_IsHalted()  returns FALSE (0002ms, 2652ms total)
T2124 133:679 JLINK_IsHalted()  returns FALSE (0001ms, 2651ms total)
T2124 134:320 JLINK_IsHalted()  returns FALSE (0002ms, 2652ms total)
T2124 134:962 JLINK_IsHalted()  returns FALSE (0001ms, 2651ms total)
T2124 135:603 JLINK_IsHalted()  returns FALSE (0002ms, 2652ms total)
T2124 136:245 JLINK_IsHalted()  returns FALSE (0001ms, 2651ms total)
T1310 136:618 JLINK_Halt()  returns 0x00 (0005ms, 2655ms total)
T2124 136:886 JLINK_IsHalted()  returns TRUE (0001ms, 2656ms total)
T2124 136:887 JLINK_GetMOEs(...) -- CPU_ReadMem(4 bytes @ 0xE000ED30) -- CPU_WriteMem(4 bytes @ 0xE000ED30)  returns 0x01 (0002ms, 2657ms total)
T2124 136:889 JLINK_ReadReg(R15 (PC))  returns 0x0040135C (0000ms, 2657ms total)
T2150 136:889 JLINK_ResetPullsRESET(ON) (0000ms, 2657ms total)
T2150 136:889 JLINK_ResetNoHalt() >0x2F8 JTAG>TotalIRLen = 4, IRPrint = 0x01 >0x30 JTAG> >0x210 JTAG> >0x70 JTAG> >0x40 JTAG> >0x40 JTAG> >0x40 JTAG> >0x48 JTAG> >0x78 JTAG> >0x40 JTAG> >0x30 JTAG> >0x40 JTAG> >0x40 JTAG> >0x30 JTAG> >0x40 JTAG> >0x48 JTAG>Found Cortex-M4 r0p1, Little endian. -- CPU_WriteMem(4 bytes @ 0xE0002000) -- CPU_ReadMem(4 bytes @ 0xE000EDF0) -- CPU_ReadMem(4 bytes @ 0xE0002000)FPUnit: 6 code (BP) slots and 2 literal slots -- CPU_ReadMem(4 bytes @ 0xE000EDFC)
 -- CPU_ReadMem(4 bytes @ 0xE0001000) -- CPU_ReadMem(4 bytes @ 0xE000ED88) -- CPU_WriteMem(4 bytes @ 0xE000ED88) -- CPU_ReadMem(4 bytes @ 0xE000ED88) -- CPU_WriteMem(4 bytes @ 0xE000ED88)CoreSight components:ROMTbl 0 @ E00FF000 -- CPU_ReadMem(16 bytes @ 0xE00FF000) -- CPU_ReadMem(16 bytes @ 0xE000EFF0) -- CPU_ReadMem(16 bytes @ 0xE000EFE0)ROMTbl 0 [0]: FFF0F000, CID: B105E00D, PID: 000BB000 SCS -- CPU_WriteMem(4 bytes @ 0xE0001000) -- CPU_ReadMem(16 bytes @ 0xE0001FF0)
 -- CPU_ReadMem(16 bytes @ 0xE0001FE0)ROMTbl 0 [1]: FFF02000, CID: B105E00D, PID: 003BB002 DWT -- CPU_ReadMem(16 bytes @ 0xE0002FF0) -- CPU_ReadMem(16 bytes @ 0xE0002FE0)ROMTbl 0 [2]: FFF03000, CID: B105E00D, PID: 002BB003 FPB -- CPU_ReadMem(16 bytes @ 0xE0000FF0) -- CPU_ReadMem(16 bytes @ 0xE0000FE0)ROMTbl 0 [3]: FFF01000, CID: B105E00D, PID: 003BB001 ITM -- CPU_ReadMem(16 bytes @ 0xE00FF010) -- CPU_ReadMem(16 bytes @ 0xE0040FF0) -- CPU_ReadMem(16 bytes @ 0xE0040FE0)
ROMTbl 0 [4]: FFF41000, CID: B105900D, PID: 000BB9A1 TPIU
                JLINK_Reset() -- CPU_ReadMem(16 bytes @ 0x20000000) -- CPU_WriteMem(16 bytes @ 0x20000000) -- CPU_ReadMem(4 bytes @ 0xE000EDFC) -- CPU_WriteMem(4 bytes @ 0xE000EDFC) -- CPU_ReadMem(4 bytes @ 0xE0001000) -- CPU_WriteMem(4 bytes @ 0xE000EDFC) -- CPU_WriteMem(16 bytes @ 0x20000000) -- CPU_WriteMem(4 bytes @ 0xE0002000) -- CPU_ReadMem(4 bytes @ 0xE000EDFC) -- CPU_ReadMem(4 bytes @ 0xE0001000) (0030ms, 0030ms total)
                JLINK_Go() -- CPU_ReadMem(4 bytes @ 0xE0001000) -- CPU_WriteMem(4 bytes @ 0xE0002008) -- CPU_WriteMem(4 bytes @ 0xE000200C) -- CPU_WriteMem(4 bytes @ 0xE0002010) -- CPU_WriteMem(4 bytes @ 0xE0002014) -- CPU_WriteMem(4 bytes @ 0xE0002018) -- CPU_WriteMem(4 bytes @ 0xE000201C) -- CPU_WriteMem(4 bytes @ 0xE0001004) (0009ms, 0039ms total)
               (0080ms, 2737ms total)
T2150 136:973 JLINK_Close() -- CPU is running -- CPU_WriteMem(4 bytes @ 0xE0002008) -- CPU is running -- CPU_WriteMem(4 bytes @ 0xE000200C) -- CPU is running -- CPU_WriteMem(4 bytes @ 0xE0002010) -- CPU is running -- CPU_WriteMem(4 bytes @ 0xE0002014) -- CPU is running -- CPU_WriteMem(4 bytes @ 0xE0002018) -- CPU is running -- CPU_WriteMem(4 bytes @ 0xE000201C) >0x78 JTAG> >0x08 JTAG> (0012ms, 2749ms total)
T2150 136:973  (0012ms, 2749ms total)
T2150 136:973 Closed (0012ms, 2749ms total)
